2026-05-13 11:05:56,949 | INFO | === Run started: run2_20260513_1105 ===
2026-05-13 11:05:56,950 | INFO | Log:    C:\Projects\uit\diabetes-xai-counterfactual\logs\run2_20260513_1105.log
2026-05-13 11:05:56,950 | INFO | Config: C:\Projects\uit\diabetes-xai-counterfactual\configs\run2_20260513_1105.json
2026-05-13 11:05:56,951 | INFO | [1/4] Load BRFSS 2021...
2026-05-13 11:05:57,361 | INFO |       shape: X=(236378, 21), y=(236378,), prevalence=0.1420
2026-05-13 11:05:57,361 | INFO | [2/4] Train XGBoost...
2026-05-13 11:06:03,487 | INFO |       test AUC: 0.8233
2026-05-13 11:06:03,488 | INFO |       (P2 run 12 baseline on BRFSS 2021: AUC=0.8228)
2026-05-13 11:06:03,488 | INFO | [3/4] Generate counterfactuals...
2026-05-13 11:06:03,493 | INFO |       mode: per_query=True, method=random
2026-05-13 11:09:43,621 | INFO | [4/4] Evaluate CFs...
2026-05-13 11:09:54,679 | INFO |       Queries processed: 200/200 (skipped 0)
2026-05-13 11:09:54,679 | INFO |       Aggregate metrics:
2026-05-13 11:09:54,680 | INFO |         validity               0.820000
2026-05-13 11:09:54,680 | INFO |         proximity              1.443250
2026-05-13 11:09:54,680 | INFO |         sparsity               0.071429
2026-05-13 11:09:54,680 | INFO |         diversity              14.994700
2026-05-13 11:09:54,680 | INFO |         plausibility           4.110190
2026-05-13 11:09:54,680 | INFO |         actionability          0.985000
2026-05-13 11:09:54,680 | INFO |         wrong_dir_violations   0.000000
2026-05-13 11:09:54,680 | INFO |         immutable_violations   0.000000
2026-05-13 11:09:54,680 | INFO |       Per-instance CSV: C:\Projects\uit\diabetes-xai-counterfactual\outputs\run2_20260513_1105_cf_metrics.csv
2026-05-13 11:09:54,828 | INFO | Config JSON saved: C:\Projects\uit\diabetes-xai-counterfactual\configs\run2_20260513_1105.json
2026-05-13 11:09:54,828 | INFO | === Run finished: run2_20260513_1105 ===
