2026-05-13 11:46:03,285 | INFO | === Run started: run3_scratch_20260513_1146 (scratch=True) ===
2026-05-13 11:46:03,285 | INFO | Log:    C:\Projects\uit\diabetes-xai-counterfactual\logs\run3_scratch_20260513_1146.log
2026-05-13 11:46:03,285 | INFO | Config: C:\Projects\uit\diabetes-xai-counterfactual\configs\run3_scratch_20260513_1146.json
2026-05-13 11:46:03,286 | INFO | [1/4] Load dataset...
2026-05-13 11:46:03,608 | INFO |       [DEV MODE] sampled n=5000 (seed=42) -> scratch run
2026-05-13 11:46:03,609 | INFO |       shape: X=(5000, 21), y=(5000,), prevalence=0.1432
2026-05-13 11:46:03,609 | INFO | [2/4] Train XGBoost...
2026-05-13 11:46:04,014 | INFO |       test AUC: 0.7995
2026-05-13 11:46:04,014 | INFO |       (P2 run 12 baseline on BRFSS 2021 full: AUC=0.8228)
2026-05-13 11:46:04,014 | INFO | [3/4] Generate counterfactuals...
2026-05-13 11:46:04,015 | INFO |       mode: per_query=True, method=random, n_queries=200
2026-05-13 11:47:30,964 | INFO | [4/4] Evaluate CFs...
2026-05-13 11:47:36,996 | INFO |       Queries processed: 200/200 (skipped 0)
2026-05-13 11:47:36,996 | INFO |       Aggregate metrics:
2026-05-13 11:47:36,998 | INFO |         validity               0.933000
2026-05-13 11:47:36,998 | INFO |         proximity              0.729570
2026-05-13 11:47:36,998 | INFO |         sparsity               0.064667
2026-05-13 11:47:36,998 | INFO |         diversity              8.565000
2026-05-13 11:47:36,998 | INFO |         plausibility           5.161839
2026-05-13 11:47:36,998 | INFO |         actionability          0.918000
2026-05-13 11:47:36,999 | INFO |         wrong_dir_violations   0.000000
2026-05-13 11:47:36,999 | INFO |         immutable_violations   0.000000
2026-05-13 11:47:36,999 | INFO |       Per-instance CSV: C:\Projects\uit\diabetes-xai-counterfactual\outputs\run3_scratch_20260513_1146_cf_metrics.csv
2026-05-13 11:47:37,150 | INFO | Config JSON saved: C:\Projects\uit\diabetes-xai-counterfactual\configs\run3_scratch_20260513_1146.json
2026-05-13 11:47:37,150 | INFO | === Run finished: run3_scratch_20260513_1146 ===
