2026-05-13 15:22:41,815 | INFO | === Run started: run6_20260513_1522 (scratch=False) ===
2026-05-13 15:22:41,815 | INFO | Log:    C:\Projects\uit\diabetes-xai-counterfactual\logs\run6_20260513_1522.log
2026-05-13 15:22:41,816 | INFO | Config: C:\Projects\uit\diabetes-xai-counterfactual\configs\run6_20260513_1522.json
2026-05-13 15:22:41,816 | INFO | [1/4] Load dataset...
2026-05-13 15:22:42,168 | INFO |       shape: X=(236378, 21), y=(236378,), prevalence=0.1420
2026-05-13 15:22:42,168 | INFO | [2/4] Train XGBoost...
2026-05-13 15:22:46,723 | INFO |       test AUC: 0.8233
2026-05-13 15:22:46,724 | INFO |       (P2 run 12 baseline on BRFSS 2021 full: AUC=0.8228)
2026-05-13 15:22:46,724 | INFO | [3/4] Generate counterfactuals...
2026-05-13 15:22:46,730 | INFO |       mode: per_query=True, method=random, n_queries=200
2026-05-13 15:26:10,700 | INFO | [4/4] Evaluate CFs...
2026-05-13 15:26:22,225 | INFO |       Queries processed: 200/200 (skipped 0)
2026-05-13 15:26:22,225 | INFO |       Aggregate metrics:
2026-05-13 15:26:22,226 | INFO |         validity               0.820000
2026-05-13 15:26:22,226 | INFO |         proximity              1.443250
2026-05-13 15:26:22,226 | INFO |         sparsity               0.071429
2026-05-13 15:26:22,226 | INFO |         diversity              14.994700
2026-05-13 15:26:22,226 | INFO |         plausibility           4.110190
2026-05-13 15:26:22,226 | INFO |         actionability          0.985000
2026-05-13 15:26:22,227 | INFO |         wrong_dir_violations   0.000000
2026-05-13 15:26:22,227 | INFO |         immutable_violations   0.000000
2026-05-13 15:26:22,227 | INFO |       Per-instance CSV: C:\Projects\uit\diabetes-xai-counterfactual\outputs\run6_20260513_1522_cf_metrics.csv
2026-05-13 15:26:22,353 | INFO | Config JSON saved: C:\Projects\uit\diabetes-xai-counterfactual\configs\run6_20260513_1522.json
2026-05-13 15:26:22,353 | INFO | === Run finished: run6_20260513_1522 ===
