2026-05-17 13:32:27,206 | INFO | === Run started: run_20260517_1332 (scratch=False) ===
2026-05-17 13:32:27,206 | INFO | Log:    C:\Projects\uit\diabetes-xai-counterfactual\logs\run_20260517_1332.log
2026-05-17 13:32:27,206 | INFO | Config: C:\Projects\uit\diabetes-xai-counterfactual\logs\run_20260517_1332.json
2026-05-17 13:32:27,206 | INFO |       [taxonomy] CONDITIONAL class enabled → 5-class taxonomy (default)
2026-05-17 13:32:27,206 | INFO | [Load Dataset]
2026-05-17 13:32:27,673 | INFO |       shape: X=(236378, 21), y=(236378,), prevalence=0.1420
2026-05-17 13:32:27,673 | INFO | [Train XGBoost]
2026-05-17 13:32:34,118 | INFO |       test AUC: 0.8199
2026-05-17 13:32:34,119 | INFO |       (P2 run 12 baseline on BRFSS 2021 full: AUC=0.8228)
2026-05-17 13:32:34,119 | INFO | [CF Generation] compare_modes=True
2026-05-17 13:32:34,124 | INFO |       n_queries (high-risk): 200
2026-05-17 13:32:34,125 | INFO | [Global Mode] features_to_vary='all', no per-query constraints
2026-05-17 13:32:34,125 | INFO |   [global] generating CFs (per_query=False)...
2026-05-17 13:36:32,745 | INFO |   [global] scoring CFs...
2026-05-17 13:36:44,707 | INFO |   [global] processed 200/200 (skipped 0)
2026-05-17 13:36:44,731 | INFO |       Global CSV: C:\Projects\uit\diabetes-xai-counterfactual\outputs\global_cf_metrics.csv
2026-05-17 13:36:44,731 | INFO | [Per-Query Mode] taxonomy-constrained
2026-05-17 13:36:44,731 | INFO |   [per_query] generating CFs (per_query=True)...
2026-05-17 13:40:38,750 | INFO |   [per_query] scoring CFs...
2026-05-17 13:40:51,032 | INFO |   [per_query] processed 200/200 (skipped 0)
2026-05-17 13:40:51,046 | INFO |       Per-query CSV: C:\Projects\uit\diabetes-xai-counterfactual\outputs\perquery_cf_metrics.csv
2026-05-17 13:40:51,051 | INFO |       Per-feature CSV: C:\Projects\uit\diabetes-xai-counterfactual\outputs\per_feature.csv
2026-05-17 13:40:51,054 | INFO |       Comparison CSV: C:\Projects\uit\diabetes-xai-counterfactual\outputs\comparison.csv
2026-05-17 13:40:51,054 | INFO |       Comparison summary:
2026-05-17 13:40:51,054 | INFO |         validity               global=0.7230  per_query=0.7980  Δ=+0.0750
2026-05-17 13:40:51,054 | INFO |         proximity              global=1.3309  per_query=1.4396  Δ=+0.1087
2026-05-17 13:40:51,054 | INFO |         sparsity               global=0.0650  per_query=0.0718  Δ=+0.0068
2026-05-17 13:40:51,054 | INFO |         diversity              global=14.6510  per_query=14.7104  Δ=+0.0594
2026-05-17 13:40:51,054 | INFO |         plausibility           global=4.2869  per_query=4.0188  Δ=-0.2681
2026-05-17 13:40:51,054 | INFO |         actionability          global=0.6135  per_query=0.9720  Δ=+0.3585
2026-05-17 13:40:51,054 | INFO |         wrong_dir_violations   global=0.4940  per_query=0.0000  Δ=-0.4940
2026-05-17 13:40:51,054 | INFO |         immutable_violations   global=0.0000  per_query=0.0000  Δ=+0.0000
2026-05-17 13:40:51,185 | INFO | Config JSON saved: C:\Projects\uit\diabetes-xai-counterfactual\logs\run_20260517_1332.json
2026-05-17 13:40:51,185 | INFO | === Run finished: run_20260517_1332 ===
