2026-05-17 11:28:40,256 | INFO | === Run started: run_20260517_1128 (scratch=False) ===
2026-05-17 11:28:40,257 | INFO | Log:    C:\Projects\uit\diabetes-xai-counterfactual\logs\run_20260517_1128.log
2026-05-17 11:28:40,257 | INFO | Config: C:\Projects\uit\diabetes-xai-counterfactual\logs\run_20260517_1128.json
2026-05-17 11:28:40,258 | INFO |       [taxonomy] CONDITIONAL class enabled → 5-class taxonomy (default)
2026-05-17 11:28:40,258 | INFO | [Load Dataset]
2026-05-17 11:28:40,819 | INFO |       shape: X=(236378, 21), y=(236378,), prevalence=0.1420
2026-05-17 11:28:40,819 | INFO | [Train XGBoost]
2026-05-17 11:28:45,991 | INFO |       test AUC: 0.8233
2026-05-17 11:28:45,992 | INFO |       (P2 run 12 baseline on BRFSS 2021 full: AUC=0.8228)
2026-05-17 11:28:45,992 | INFO | [CF Generation] compare_modes=True
2026-05-17 11:28:45,997 | INFO |       n_queries (high-risk): 200
2026-05-17 11:28:45,997 | INFO | [Global Mode] features_to_vary='all', no per-query constraints
2026-05-17 11:28:45,997 | INFO |   [global] generating CFs (per_query=False)...
2026-05-17 11:32:40,513 | INFO |   [global] scoring CFs...
2026-05-17 11:32:55,137 | INFO |   [global] processed 200/200 (skipped 0)
2026-05-17 11:32:55,169 | INFO |       Global CSV: C:\Projects\uit\diabetes-xai-counterfactual\outputs\global_cf_metrics.csv
2026-05-17 11:32:55,170 | INFO | [Per-Query Mode] taxonomy-constrained
2026-05-17 11:32:55,170 | INFO |   [per_query] generating CFs (per_query=True)...
2026-05-17 11:37:33,531 | INFO |   [per_query] scoring CFs...
2026-05-17 11:37:47,497 | INFO |   [per_query] processed 200/200 (skipped 0)
2026-05-17 11:37:47,530 | INFO |       Per-query CSV: C:\Projects\uit\diabetes-xai-counterfactual\outputs\perquery_cf_metrics.csv
2026-05-17 11:37:47,545 | INFO |       Per-feature CSV: C:\Projects\uit\diabetes-xai-counterfactual\outputs\per_feature.csv
2026-05-17 11:37:47,553 | INFO |       Comparison CSV: C:\Projects\uit\diabetes-xai-counterfactual\outputs\comparison.csv
2026-05-17 11:37:47,553 | INFO |       Comparison summary:
2026-05-17 11:37:47,554 | INFO |         validity               global=0.7520  per_query=0.8080  Δ=+0.0560
2026-05-17 11:37:47,554 | INFO |         proximity              global=1.3966  per_query=1.4710  Δ=+0.0744
2026-05-17 11:37:47,554 | INFO |         sparsity               global=0.0672  per_query=0.0724  Δ=+0.0052
2026-05-17 11:37:47,554 | INFO |         diversity              global=15.1938  per_query=14.7095  Δ=-0.4843
2026-05-17 11:37:47,554 | INFO |         plausibility           global=4.2990  per_query=4.0297  Δ=-0.2693
2026-05-17 11:37:47,555 | INFO |         actionability          global=0.6655  per_query=0.9880  Δ=+0.3225
2026-05-17 11:37:47,555 | INFO |         wrong_dir_violations   global=0.4350  per_query=0.0000  Δ=-0.4350
2026-05-17 11:37:47,555 | INFO |         immutable_violations   global=0.0000  per_query=0.0000  Δ=+0.0000
2026-05-17 11:37:47,872 | INFO | Config JSON saved: C:\Projects\uit\diabetes-xai-counterfactual\logs\run_20260517_1128.json
2026-05-17 11:37:47,872 | INFO | === Run finished: run_20260517_1128 ===
