2026-05-17 20:30:54,355 | INFO | === Run started: run_20260517_2030 (scratch=False) ===
2026-05-17 20:30:54,356 | INFO | Log:    C:\Projects\uit\diabetes-xai-counterfactual\logs\run_20260517_2030.log
2026-05-17 20:30:54,356 | INFO | Config: C:\Projects\uit\diabetes-xai-counterfactual\logs\run_20260517_2030.json
2026-05-17 20:30:54,356 | INFO |       [taxonomy] CONDITIONAL class enabled → 5-class taxonomy (default)
2026-05-17 20:30:54,356 | INFO | [Load Dataset]
2026-05-17 20:30:54,856 | INFO |       shape: X=(236378, 21), y=(236378,), prevalence=0.1420
2026-05-17 20:30:54,856 | INFO | [Train XGBoost]
2026-05-17 20:31:02,974 | INFO |       test AUC: 0.8233
2026-05-17 20:31:02,974 | INFO |       (P2 run 12 baseline on BRFSS 2021 full: AUC=0.8228)
2026-05-17 20:31:02,975 | INFO | [CF Generation] compare_modes=True
2026-05-17 20:31:02,988 | INFO |       n_queries (high-risk): 200
2026-05-17 20:31:02,989 | INFO | [Global Mode] features_to_vary='all', no per-query constraints
2026-05-17 20:31:02,990 | INFO |   [global] generating CFs (per_query=False)...
2026-05-17 20:43:20,394 | INFO |   [global] scoring CFs...
2026-05-17 20:43:20,830 | INFO |   [global] processed 200/200 (skipped 190)
2026-05-17 20:43:20,841 | INFO |       Global CSV: C:\Projects\uit\diabetes-xai-counterfactual\outputs\global_cf_metrics.csv
2026-05-17 20:43:20,841 | INFO | [Per-Query Mode] taxonomy-constrained
2026-05-17 20:43:20,841 | INFO |   [per_query] generating CFs (per_query=True)...
2026-05-17 20:55:22,745 | INFO |   [per_query] scoring CFs...
2026-05-17 20:55:22,750 | INFO |   [per_query] processed 200/200 (skipped 200)
2026-05-17 20:55:22,766 | INFO |       Per-query CSV: C:\Projects\uit\diabetes-xai-counterfactual\outputs\perquery_cf_metrics.csv
2026-05-17 20:55:22,770 | INFO |       Per-feature CSV: C:\Projects\uit\diabetes-xai-counterfactual\outputs\per_feature.csv
2026-05-17 20:55:22,773 | INFO |       Comparison CSV: C:\Projects\uit\diabetes-xai-counterfactual\outputs\comparison.csv
2026-05-17 20:55:22,773 | INFO |       Comparison summary:
2026-05-17 20:55:22,774 | INFO |         validity               global=0.0500  per_query=0.0000  Δ=-0.0500
2026-05-17 20:55:22,774 | INFO |         proximity              global=4.5935  per_query=nan  Δ=+nan
2026-05-17 20:55:22,774 | INFO |         sparsity               global=0.3762  per_query=nan  Δ=+nan
2026-05-17 20:55:22,774 | INFO |         diversity              global=1.0000  per_query=nan  Δ=+nan
2026-05-17 20:55:22,774 | INFO |         plausibility           global=3.5586  per_query=nan  Δ=+nan
2026-05-17 20:55:22,774 | INFO |         actionability          global=0.6180  per_query=nan  Δ=+nan
2026-05-17 20:55:22,774 | INFO |         wrong_dir_violations   global=2.9000  per_query=nan  Δ=+nan
2026-05-17 20:55:22,774 | INFO |         immutable_violations   global=0.0000  per_query=nan  Δ=+nan
2026-05-17 20:55:22,968 | INFO | Config JSON saved: C:\Projects\uit\diabetes-xai-counterfactual\logs\run_20260517_2030.json
2026-05-17 20:55:22,968 | INFO | === Run finished: run_20260517_2030 ===
