2026-05-17 18:58:28,828 | INFO | === Run started: run_20260517_1858 (scratch=False) ===
2026-05-17 18:58:28,828 | INFO | Log:    C:\Projects\uit\diabetes-xai-counterfactual\logs\run_20260517_1858.log
2026-05-17 18:58:28,828 | INFO | Config: C:\Projects\uit\diabetes-xai-counterfactual\logs\run_20260517_1858.json
2026-05-17 18:58:28,829 | INFO |       [taxonomy] CONDITIONAL class enabled → 5-class taxonomy (default)
2026-05-17 18:58:28,829 | INFO | [Load Dataset]
2026-05-17 18:58:29,347 | INFO |       shape: X=(236378, 21), y=(236378,), prevalence=0.1420
2026-05-17 18:58:29,347 | INFO | [Train XGBoost]
2026-05-17 18:58:36,241 | INFO |       test AUC: 0.8221
2026-05-17 18:58:36,241 | INFO |       (P2 run 12 baseline on BRFSS 2021 full: AUC=0.8228)
2026-05-17 18:58:36,241 | INFO | [CF Generation] compare_modes=True
2026-05-17 18:58:36,248 | INFO |       n_queries (high-risk): 200
2026-05-17 18:58:36,249 | INFO | [Global Mode] features_to_vary='all', no per-query constraints
2026-05-17 18:58:36,249 | INFO |   [global] generating CFs (per_query=False)...
2026-05-17 19:03:20,135 | INFO |   [global] scoring CFs...
2026-05-17 19:03:34,107 | INFO |   [global] processed 200/200 (skipped 0)
2026-05-17 19:03:34,134 | INFO |       Global CSV: C:\Projects\uit\diabetes-xai-counterfactual\outputs\global_cf_metrics.csv
2026-05-17 19:03:34,135 | INFO | [Per-Query Mode] taxonomy-constrained
2026-05-17 19:03:34,135 | INFO |   [per_query] generating CFs (per_query=True)...
2026-05-17 19:08:03,623 | INFO |   [per_query] scoring CFs...
2026-05-17 19:08:16,791 | INFO |   [per_query] processed 200/200 (skipped 0)
2026-05-17 19:08:16,817 | INFO |       Per-query CSV: C:\Projects\uit\diabetes-xai-counterfactual\outputs\perquery_cf_metrics.csv
2026-05-17 19:08:16,828 | INFO |       Per-feature CSV: C:\Projects\uit\diabetes-xai-counterfactual\outputs\per_feature.csv
2026-05-17 19:08:16,832 | INFO |       Comparison CSV: C:\Projects\uit\diabetes-xai-counterfactual\outputs\comparison.csv
2026-05-17 19:08:16,832 | INFO |       Comparison summary:
2026-05-17 19:08:16,832 | INFO |         validity               global=0.7590  per_query=0.7950  Δ=+0.0360
2026-05-17 19:08:16,832 | INFO |         proximity              global=1.3160  per_query=1.3607  Δ=+0.0447
2026-05-17 19:08:16,832 | INFO |         sparsity               global=0.0668  per_query=0.0717  Δ=+0.0050
2026-05-17 19:08:16,833 | INFO |         diversity              global=13.5960  per_query=12.8826  Δ=-0.7134
2026-05-17 19:08:16,833 | INFO |         plausibility           global=4.1191  per_query=3.9149  Δ=-0.2041
2026-05-17 19:08:16,833 | INFO |         actionability          global=0.7130  per_query=0.9790  Δ=+0.2660
2026-05-17 19:08:16,833 | INFO |         wrong_dir_violations   global=0.3980  per_query=0.0000  Δ=-0.3980
2026-05-17 19:08:16,833 | INFO |         immutable_violations   global=0.0000  per_query=0.0000  Δ=+0.0000
2026-05-17 19:08:17,053 | INFO | Config JSON saved: C:\Projects\uit\diabetes-xai-counterfactual\logs\run_20260517_1858.json
2026-05-17 19:08:17,053 | INFO | === Run finished: run_20260517_1858 ===
