2026-05-16 21:07:34,870 | INFO | === Run started: run_20260516_2107 (scratch=False) ===
2026-05-16 21:07:34,871 | INFO | Log:    C:\Projects\uit\diabetes-xai-counterfactual\logs\run_20260516_2107.log
2026-05-16 21:07:34,872 | INFO | Config: C:\Projects\uit\diabetes-xai-counterfactual\logs\run_20260516_2107.json
2026-05-16 21:07:34,872 | INFO |       [taxonomy] CONDITIONAL class enabled → 5-class taxonomy (default)
2026-05-16 21:07:34,873 | INFO | [Load Dataset]
2026-05-16 21:07:35,236 | INFO |       shape: X=(236378, 21), y=(236378,), prevalence=0.1420
2026-05-16 21:07:35,237 | INFO | [Train XGBoost]
2026-05-16 21:07:42,002 | INFO |       test AUC: 0.8233
2026-05-16 21:07:42,002 | INFO |       (P2 run 12 baseline on BRFSS 2021 full: AUC=0.8228)
2026-05-16 21:07:42,002 | INFO | [CF Generation] compare_modes=True
2026-05-16 21:07:42,008 | INFO |       n_queries (high-risk): 20
2026-05-16 21:07:42,008 | INFO | [Global Mode] features_to_vary='all', no per-query constraints
2026-05-16 21:07:42,009 | INFO |   [global] generating CFs (per_query=False)...
2026-05-16 21:08:10,319 | INFO |   [global] scoring CFs...
2026-05-16 21:08:11,783 | INFO |   [global] processed 20/20 (skipped 0)
2026-05-16 21:08:11,793 | INFO |       Global CSV: C:\Projects\uit\diabetes-xai-counterfactual\outputs\global_cf_metrics.csv
2026-05-16 21:08:11,794 | INFO | [Per-Query Mode] taxonomy-constrained
2026-05-16 21:08:11,794 | INFO |   [per_query] generating CFs (per_query=True)...
2026-05-16 21:08:38,838 | INFO |   [per_query] scoring CFs...
2026-05-16 21:08:40,238 | INFO |   [per_query] processed 20/20 (skipped 0)
2026-05-16 21:08:40,247 | INFO |       Per-query CSV: C:\Projects\uit\diabetes-xai-counterfactual\outputs\perquery_cf_metrics.csv
2026-05-16 21:08:40,253 | INFO |       Per-feature CSV: C:\Projects\uit\diabetes-xai-counterfactual\outputs\per_feature.csv
2026-05-16 21:08:40,262 | INFO |       Comparison CSV: C:\Projects\uit\diabetes-xai-counterfactual\outputs\comparison.csv
2026-05-16 21:08:40,262 | INFO |       Comparison summary:
2026-05-16 21:08:40,263 | INFO |         validity               global=0.8100  per_query=0.8700  Δ=+0.0600
2026-05-16 21:08:40,263 | INFO |         proximity              global=1.8340  per_query=2.0132  Δ=+0.1792
2026-05-16 21:08:40,263 | INFO |         sparsity               global=0.0714  per_query=0.0767  Δ=+0.0052
2026-05-16 21:08:40,264 | INFO |         diversity              global=16.8110  per_query=15.2330  Δ=-1.5780
2026-05-16 21:08:40,264 | INFO |         plausibility           global=4.3105  per_query=4.0504  Δ=-0.2601
2026-05-16 21:08:40,264 | INFO |         actionability          global=0.7617  per_query=1.0000  Δ=+0.2383
2026-05-16 21:08:40,264 | INFO |         wrong_dir_violations   global=0.3700  per_query=0.0000  Δ=-0.3700
2026-05-16 21:08:40,265 | INFO |         immutable_violations   global=0.0000  per_query=0.0000  Δ=+0.0000
2026-05-16 21:08:40,475 | INFO | Config JSON saved: C:\Projects\uit\diabetes-xai-counterfactual\logs\run_20260516_2107.json
2026-05-16 21:08:40,475 | INFO | === Run finished: run_20260516_2107 ===
