2026-05-17 19:28:23,831 | INFO | === Run started: run_20260517_1928 (scratch=False) ===
2026-05-17 19:28:23,831 | INFO | Log:    C:\Projects\uit\diabetes-xai-counterfactual\logs\run_20260517_1928.log
2026-05-17 19:28:23,831 | INFO | Config: C:\Projects\uit\diabetes-xai-counterfactual\logs\run_20260517_1928.json
2026-05-17 19:28:23,832 | INFO |       [taxonomy] CONDITIONAL class enabled → 5-class taxonomy (default)
2026-05-17 19:28:23,832 | INFO | [Load Dataset]
2026-05-17 19:28:24,312 | INFO |       shape: X=(236378, 21), y=(236378,), prevalence=0.1420
2026-05-17 19:28:24,312 | INFO | [Train XGBoost]
2026-05-17 19:28:31,677 | INFO |       test AUC: 0.8233
2026-05-17 19:28:31,677 | INFO |       (P2 run 12 baseline on BRFSS 2021 full: AUC=0.8228)
2026-05-17 19:28:31,677 | INFO | [CF Generation] compare_modes=True
2026-05-17 19:28:31,682 | INFO |       n_queries (high-risk): 200
2026-05-17 19:28:31,682 | INFO | [Global Mode] features_to_vary='all', no per-query constraints
2026-05-17 19:28:31,684 | INFO |   [global] generating CFs (per_query=False)...
2026-05-17 19:57:43,237 | INFO |   [global] scoring CFs...
2026-05-17 19:57:55,677 | INFO |   [global] processed 200/200 (skipped 0)
2026-05-17 19:57:55,709 | INFO |       Global CSV: C:\Projects\uit\diabetes-xai-counterfactual\outputs\global_cf_metrics.csv
2026-05-17 19:57:55,709 | INFO | [Per-Query Mode] taxonomy-constrained
2026-05-17 19:57:55,709 | INFO |   [per_query] generating CFs (per_query=True)...
2026-05-17 20:30:39,771 | INFO |   [per_query] scoring CFs...
2026-05-17 20:30:54,038 | INFO |   [per_query] processed 200/200 (skipped 0)
2026-05-17 20:30:54,069 | INFO |       Per-query CSV: C:\Projects\uit\diabetes-xai-counterfactual\outputs\perquery_cf_metrics.csv
2026-05-17 20:30:54,088 | INFO |       Per-feature CSV: C:\Projects\uit\diabetes-xai-counterfactual\outputs\per_feature.csv
2026-05-17 20:30:54,092 | INFO |       Comparison CSV: C:\Projects\uit\diabetes-xai-counterfactual\outputs\comparison.csv
2026-05-17 20:30:54,092 | INFO |       Comparison summary:
2026-05-17 20:30:54,092 | INFO |         validity               global=0.9990  per_query=0.9928  Δ=-0.0063
2026-05-17 20:30:54,092 | INFO |         proximity              global=2.9889  per_query=2.2232  Δ=-0.7656
2026-05-17 20:30:54,093 | INFO |         sparsity               global=0.2221  per_query=0.1385  Δ=-0.0836
2026-05-17 20:30:54,093 | INFO |         diversity              global=12.8720  per_query=8.9297  Δ=-3.9423
2026-05-17 20:30:54,093 | INFO |         plausibility           global=3.3266  per_query=3.4715  Δ=+0.1449
2026-05-17 20:30:54,093 | INFO |         actionability          global=0.7641  per_query=1.0000  Δ=+0.2359
2026-05-17 20:30:54,093 | INFO |         wrong_dir_violations   global=1.1236  per_query=0.0000  Δ=-1.1236
2026-05-17 20:30:54,093 | INFO |         immutable_violations   global=0.0000  per_query=0.0000  Δ=+0.0000
2026-05-17 20:30:54,308 | INFO | Config JSON saved: C:\Projects\uit\diabetes-xai-counterfactual\logs\run_20260517_1928.json
2026-05-17 20:30:54,308 | INFO | === Run finished: run_20260517_1928 ===
