2026-05-17 17:32:07,688 | INFO | === Run started: run_20260517_1732 (scratch=False) ===
2026-05-17 17:32:07,689 | INFO | Log:    C:\Projects\uit\diabetes-xai-counterfactual\logs\run_20260517_1732.log
2026-05-17 17:32:07,689 | INFO | Config: C:\Projects\uit\diabetes-xai-counterfactual\logs\run_20260517_1732.json
2026-05-17 17:32:07,689 | INFO |       [taxonomy] CONDITIONAL class enabled → 5-class taxonomy (default)
2026-05-17 17:32:07,689 | INFO | [Load Dataset]
2026-05-17 17:32:08,035 | INFO |       shape: X=(236378, 21), y=(236378,), prevalence=0.1420
2026-05-17 17:32:08,036 | INFO | [Train XGBoost]
2026-05-17 17:32:14,312 | INFO |       test AUC: 0.8233
2026-05-17 17:32:14,312 | INFO |       (P2 run 12 baseline on BRFSS 2021 full: AUC=0.8228)
2026-05-17 17:32:14,312 | INFO | [CF Generation] compare_modes=True
2026-05-17 17:32:14,312 | INFO |       risk_threshold_min=0.70 → eligible pool: 188/47276 test patients
2026-05-17 17:32:14,313 | INFO |       n_queries (high-risk): 188
2026-05-17 17:32:14,313 | INFO | [Global Mode] features_to_vary='all', no per-query constraints
2026-05-17 17:32:14,313 | INFO |   [global] generating CFs (per_query=False)...
2026-05-17 17:35:42,881 | INFO |   [global] scoring CFs...
2026-05-17 17:35:54,024 | INFO |   [global] processed 188/188 (skipped 0)
2026-05-17 17:35:54,036 | INFO |       Global CSV: C:\Projects\uit\diabetes-xai-counterfactual\outputs\global_cf_metrics.csv
2026-05-17 17:35:54,036 | INFO | [Per-Query Mode] taxonomy-constrained
2026-05-17 17:35:54,036 | INFO |   [per_query] generating CFs (per_query=True)...
2026-05-17 17:39:18,695 | INFO |   [per_query] scoring CFs...
2026-05-17 17:39:29,596 | INFO |   [per_query] processed 188/188 (skipped 0)
2026-05-17 17:39:29,614 | INFO |       Per-query CSV: C:\Projects\uit\diabetes-xai-counterfactual\outputs\perquery_cf_metrics.csv
2026-05-17 17:39:29,623 | INFO |       Per-feature CSV: C:\Projects\uit\diabetes-xai-counterfactual\outputs\per_feature.csv
2026-05-17 17:39:29,629 | INFO |       Comparison CSV: C:\Projects\uit\diabetes-xai-counterfactual\outputs\comparison.csv
2026-05-17 17:39:29,629 | INFO |       Comparison summary:
2026-05-17 17:39:29,629 | INFO |         validity               global=0.7670  per_query=0.8277  Δ=+0.0606
2026-05-17 17:39:29,630 | INFO |         proximity              global=1.4164  per_query=1.4931  Δ=+0.0767
2026-05-17 17:39:29,630 | INFO |         sparsity               global=0.0682  per_query=0.0730  Δ=+0.0049
2026-05-17 17:39:29,630 | INFO |         diversity              global=15.4014  per_query=14.8278  Δ=-0.5736
2026-05-17 17:39:29,630 | INFO |         plausibility           global=4.3778  per_query=4.0769  Δ=-0.3009
2026-05-17 17:39:29,630 | INFO |         actionability          global=0.6573  per_query=0.9915  Δ=+0.3342
2026-05-17 17:39:29,630 | INFO |         wrong_dir_violations   global=0.4979  per_query=0.0000  Δ=-0.4979
2026-05-17 17:39:29,631 | INFO |         immutable_violations   global=0.0000  per_query=0.0000  Δ=+0.0000
2026-05-17 17:39:29,854 | INFO | Config JSON saved: C:\Projects\uit\diabetes-xai-counterfactual\logs\run_20260517_1732.json
2026-05-17 17:39:29,854 | INFO | === Run finished: run_20260517_1732 ===
