2026-05-17 11:57:47,334 | INFO | === Run started: run_20260517_1157 (scratch=False) ===
2026-05-17 11:57:47,334 | INFO | Log:    C:\Projects\uit\diabetes-xai-counterfactual\logs\run_20260517_1157.log
2026-05-17 11:57:47,334 | INFO | Config: C:\Projects\uit\diabetes-xai-counterfactual\logs\run_20260517_1157.json
2026-05-17 11:57:47,335 | INFO |       [taxonomy] CONDITIONAL class enabled → 5-class taxonomy (default)
2026-05-17 11:57:47,335 | INFO | [Load Dataset]
2026-05-17 11:57:47,789 | INFO |       shape: X=(236378, 21), y=(236378,), prevalence=0.1420
2026-05-17 11:57:47,789 | INFO | [Train XGBoost]
2026-05-17 11:57:53,418 | INFO |       test AUC: 0.8233
2026-05-17 11:57:53,418 | INFO |       (P2 run 12 baseline on BRFSS 2021 full: AUC=0.8228)
2026-05-17 11:57:53,418 | INFO | [CF Generation] compare_modes=True
2026-05-17 11:57:53,424 | INFO |       n_queries (high-risk): 200
2026-05-17 11:57:53,424 | INFO | [Global Mode] features_to_vary='all', no per-query constraints
2026-05-17 11:57:53,424 | INFO |   [global] generating CFs (per_query=False)...
2026-05-17 12:02:19,813 | INFO |   [global] scoring CFs...
2026-05-17 12:02:32,656 | INFO |   [global] processed 200/200 (skipped 0)
2026-05-17 12:02:32,674 | INFO |       Global CSV: C:\Projects\uit\diabetes-xai-counterfactual\outputs\global_cf_metrics.csv
2026-05-17 12:02:32,674 | INFO | [Per-Query Mode] taxonomy-constrained
2026-05-17 12:02:32,674 | INFO |   [per_query] generating CFs (per_query=True)...
2026-05-17 12:06:46,261 | INFO |   [per_query] scoring CFs...
2026-05-17 12:06:59,044 | INFO |   [per_query] processed 200/200 (skipped 0)
2026-05-17 12:06:59,062 | INFO |       Per-query CSV: C:\Projects\uit\diabetes-xai-counterfactual\outputs\perquery_cf_metrics.csv
2026-05-17 12:06:59,071 | INFO |       Per-feature CSV: C:\Projects\uit\diabetes-xai-counterfactual\outputs\per_feature.csv
2026-05-17 12:06:59,075 | INFO |       Comparison CSV: C:\Projects\uit\diabetes-xai-counterfactual\outputs\comparison.csv
2026-05-17 12:06:59,075 | INFO |       Comparison summary:
2026-05-17 12:06:59,075 | INFO |         validity               global=0.7520  per_query=0.8080  Δ=+0.0560
2026-05-17 12:06:59,075 | INFO |         proximity              global=1.3966  per_query=1.4710  Δ=+0.0744
2026-05-17 12:06:59,075 | INFO |         sparsity               global=0.0672  per_query=0.0724  Δ=+0.0052
2026-05-17 12:06:59,075 | INFO |         diversity              global=15.1938  per_query=14.7095  Δ=-0.4843
2026-05-17 12:06:59,075 | INFO |         plausibility           global=4.2990  per_query=4.0297  Δ=-0.2693
2026-05-17 12:06:59,075 | INFO |         actionability          global=0.6655  per_query=0.9880  Δ=+0.3225
2026-05-17 12:06:59,075 | INFO |         wrong_dir_violations   global=0.4350  per_query=0.0000  Δ=-0.4350
2026-05-17 12:06:59,076 | INFO |         immutable_violations   global=0.0000  per_query=0.0000  Δ=+0.0000
2026-05-17 12:06:59,272 | INFO | Config JSON saved: C:\Projects\uit\diabetes-xai-counterfactual\logs\run_20260517_1157.json
2026-05-17 12:06:59,272 | INFO | === Run finished: run_20260517_1157 ===
