2026-05-17 12:24:31,523 | INFO | === Run started: run_20260517_1224 (scratch=False) ===
2026-05-17 12:24:31,523 | INFO | Log:    C:\Projects\uit\diabetes-xai-counterfactual\logs\run_20260517_1224.log
2026-05-17 12:24:31,523 | INFO | Config: C:\Projects\uit\diabetes-xai-counterfactual\logs\run_20260517_1224.json
2026-05-17 12:24:31,524 | INFO |       [taxonomy] CONDITIONAL class enabled → 5-class taxonomy (default)
2026-05-17 12:24:31,524 | INFO | [Load Dataset]
2026-05-17 12:24:32,528 | INFO |       shape: X=(236378, 21), y=(236378,), prevalence=0.1420
2026-05-17 12:24:32,528 | INFO | [Train XGBoost]
2026-05-17 12:24:38,058 | INFO |       test AUC: 0.8233
2026-05-17 12:24:38,058 | INFO |       (P2 run 12 baseline on BRFSS 2021 full: AUC=0.8228)
2026-05-17 12:24:38,058 | INFO | [CF Generation] compare_modes=True
2026-05-17 12:24:38,063 | INFO |       n_queries (high-risk): 200
2026-05-17 12:24:38,064 | INFO | [Global Mode] features_to_vary='all', no per-query constraints
2026-05-17 12:24:38,064 | INFO |   [global] generating CFs (per_query=False)...
2026-05-17 12:28:31,549 | INFO |   [global] scoring CFs...
2026-05-17 12:28:42,986 | INFO |   [global] processed 200/200 (skipped 0)
2026-05-17 12:28:43,003 | INFO |       Global CSV: C:\Projects\uit\diabetes-xai-counterfactual\outputs\global_cf_metrics.csv
2026-05-17 12:28:43,003 | INFO | [Per-Query Mode] taxonomy-constrained
2026-05-17 12:28:43,004 | INFO |   [per_query] generating CFs (per_query=True)...
2026-05-17 12:32:30,595 | INFO |   [per_query] scoring CFs...
2026-05-17 12:32:41,946 | INFO |   [per_query] processed 200/200 (skipped 0)
2026-05-17 12:32:41,964 | INFO |       Per-query CSV: C:\Projects\uit\diabetes-xai-counterfactual\outputs\perquery_cf_metrics.csv
2026-05-17 12:32:41,972 | INFO |       Per-feature CSV: C:\Projects\uit\diabetes-xai-counterfactual\outputs\per_feature.csv
2026-05-17 12:32:41,975 | INFO |       Comparison CSV: C:\Projects\uit\diabetes-xai-counterfactual\outputs\comparison.csv
2026-05-17 12:32:41,976 | INFO |       Comparison summary:
2026-05-17 12:32:41,976 | INFO |         validity               global=0.7750  per_query=0.7650  Δ=-0.0100
2026-05-17 12:32:41,976 | INFO |         proximity              global=1.4731  per_query=1.4342  Δ=-0.0388
2026-05-17 12:32:41,976 | INFO |         sparsity               global=0.0693  per_query=0.0714  Δ=+0.0021
2026-05-17 12:32:41,976 | INFO |         diversity              global=0.0000  per_query=0.0000  Δ=+0.0000
2026-05-17 12:32:41,976 | INFO |         plausibility           global=4.3287  per_query=4.0059  Δ=-0.3227
2026-05-17 12:32:41,976 | INFO |         actionability          global=0.6750  per_query=0.9800  Δ=+0.3050
2026-05-17 12:32:41,976 | INFO |         wrong_dir_violations   global=0.4300  per_query=0.0000  Δ=-0.4300
2026-05-17 12:32:41,976 | INFO |         immutable_violations   global=0.0000  per_query=0.0000  Δ=+0.0000
2026-05-17 12:32:42,172 | INFO | Config JSON saved: C:\Projects\uit\diabetes-xai-counterfactual\logs\run_20260517_1224.json
2026-05-17 12:32:42,172 | INFO | === Run finished: run_20260517_1224 ===
