2026-05-17 13:15:38,679 | INFO | === Run started: run_20260517_1315 (scratch=False) ===
2026-05-17 13:15:38,679 | INFO | Log:    C:\Projects\uit\diabetes-xai-counterfactual\logs\run_20260517_1315.log
2026-05-17 13:15:38,680 | INFO | Config: C:\Projects\uit\diabetes-xai-counterfactual\logs\run_20260517_1315.json
2026-05-17 13:15:38,680 | INFO |       [taxonomy] CONDITIONAL class enabled → 5-class taxonomy (default)
2026-05-17 13:15:38,680 | INFO | [Load Dataset]
2026-05-17 13:15:39,030 | INFO |       shape: X=(236378, 21), y=(236378,), prevalence=0.1420
2026-05-17 13:15:39,030 | INFO | [Train XGBoost]
2026-05-17 13:15:44,716 | INFO |       test AUC: 0.8183
2026-05-17 13:15:44,716 | INFO |       (P2 run 12 baseline on BRFSS 2021 full: AUC=0.8228)
2026-05-17 13:15:44,716 | INFO | [CF Generation] compare_modes=True
2026-05-17 13:15:44,721 | INFO |       n_queries (high-risk): 200
2026-05-17 13:15:44,722 | INFO | [Global Mode] features_to_vary='all', no per-query constraints
2026-05-17 13:15:44,722 | INFO |   [global] generating CFs (per_query=False)...
2026-05-17 13:19:46,270 | INFO |   [global] scoring CFs...
2026-05-17 13:19:58,071 | INFO |   [global] processed 200/200 (skipped 0)
2026-05-17 13:19:58,085 | INFO |       Global CSV: C:\Projects\uit\diabetes-xai-counterfactual\outputs\global_cf_metrics.csv
2026-05-17 13:19:58,085 | INFO | [Per-Query Mode] taxonomy-constrained
2026-05-17 13:19:58,085 | INFO |   [per_query] generating CFs (per_query=True)...
2026-05-17 13:23:52,210 | INFO |   [per_query] scoring CFs...
2026-05-17 13:24:04,280 | INFO |   [per_query] processed 200/200 (skipped 0)
2026-05-17 13:24:04,293 | INFO |       Per-query CSV: C:\Projects\uit\diabetes-xai-counterfactual\outputs\perquery_cf_metrics.csv
2026-05-17 13:24:04,299 | INFO |       Per-feature CSV: C:\Projects\uit\diabetes-xai-counterfactual\outputs\per_feature.csv
2026-05-17 13:24:04,301 | INFO |       Comparison CSV: C:\Projects\uit\diabetes-xai-counterfactual\outputs\comparison.csv
2026-05-17 13:24:04,301 | INFO |       Comparison summary:
2026-05-17 13:24:04,302 | INFO |         validity               global=0.7450  per_query=0.7930  Δ=+0.0480
2026-05-17 13:24:04,302 | INFO |         proximity              global=1.3333  per_query=1.4117  Δ=+0.0783
2026-05-17 13:24:04,302 | INFO |         sparsity               global=0.0660  per_query=0.0709  Δ=+0.0049
2026-05-17 13:24:04,302 | INFO |         diversity              global=15.0313  per_query=14.8929  Δ=-0.1384
2026-05-17 13:24:04,302 | INFO |         plausibility           global=4.2476  per_query=4.0045  Δ=-0.2430
2026-05-17 13:24:04,302 | INFO |         actionability          global=0.6535  per_query=0.9740  Δ=+0.3205
2026-05-17 13:24:04,302 | INFO |         wrong_dir_violations   global=0.4430  per_query=0.0000  Δ=-0.4430
2026-05-17 13:24:04,302 | INFO |         immutable_violations   global=0.0000  per_query=0.0000  Δ=+0.0000
2026-05-17 13:24:04,430 | INFO | Config JSON saved: C:\Projects\uit\diabetes-xai-counterfactual\logs\run_20260517_1315.json
2026-05-17 13:24:04,430 | INFO | === Run finished: run_20260517_1315 ===
