2026-05-17 18:02:30,372 | INFO | === Run started: run_20260517_1802 (scratch=False) ===
2026-05-17 18:02:30,372 | INFO | Log:    C:\Projects\uit\diabetes-xai-counterfactual\logs\run_20260517_1802.log
2026-05-17 18:02:30,372 | INFO | Config: C:\Projects\uit\diabetes-xai-counterfactual\logs\run_20260517_1802.json
2026-05-17 18:02:30,372 | INFO |       [taxonomy] CONDITIONAL class enabled → 5-class taxonomy (default)
2026-05-17 18:02:30,372 | INFO | [Load Dataset]
2026-05-17 18:02:30,706 | INFO |       shape: X=(236378, 21), y=(236378,), prevalence=0.1420
2026-05-17 18:02:30,706 | INFO | [Train XGBoost]
2026-05-17 18:02:37,393 | INFO |       test AUC: 0.8233
2026-05-17 18:02:37,393 | INFO |       (P2 run 12 baseline on BRFSS 2021 full: AUC=0.8228)
2026-05-17 18:02:37,393 | INFO | [CF Generation] compare_modes=True
2026-05-17 18:02:37,399 | INFO |       n_queries (high-risk): 200
2026-05-17 18:02:37,400 | INFO | [Global Mode] features_to_vary='all', no per-query constraints
2026-05-17 18:02:37,400 | INFO |   [global] generating CFs (per_query=False)...
2026-05-17 18:16:48,776 | INFO |   [global] scoring CFs...
2026-05-17 18:17:07,436 | INFO |   [global] processed 200/200 (skipped 0)
2026-05-17 18:17:07,471 | INFO |       Global CSV: C:\Projects\uit\diabetes-xai-counterfactual\outputs\global_cf_metrics.csv
2026-05-17 18:17:07,471 | INFO | [Per-Query Mode] taxonomy-constrained
2026-05-17 18:17:07,471 | INFO |   [per_query] generating CFs (per_query=True)...
2026-05-17 18:22:50,340 | INFO |   [per_query] scoring CFs...
2026-05-17 18:23:09,023 | INFO |   [per_query] processed 200/200 (skipped 0)
2026-05-17 18:23:09,049 | INFO |       Per-query CSV: C:\Projects\uit\diabetes-xai-counterfactual\outputs\perquery_cf_metrics.csv
2026-05-17 18:23:09,071 | INFO |       Per-feature CSV: C:\Projects\uit\diabetes-xai-counterfactual\outputs\per_feature.csv
2026-05-17 18:23:09,075 | INFO |       Comparison CSV: C:\Projects\uit\diabetes-xai-counterfactual\outputs\comparison.csv
2026-05-17 18:23:09,075 | INFO |       Comparison summary:
2026-05-17 18:23:09,076 | INFO |         validity               global=0.7600  per_query=0.8185  Δ=+0.0585
2026-05-17 18:23:09,076 | INFO |         proximity              global=1.4055  per_query=1.4600  Δ=+0.0545
2026-05-17 18:23:09,076 | INFO |         sparsity               global=0.0676  per_query=0.0725  Δ=+0.0049
2026-05-17 18:23:09,076 | INFO |         diversity              global=15.3901  per_query=14.5083  Δ=-0.8817
2026-05-17 18:23:09,076 | INFO |         plausibility           global=4.2967  per_query=4.0618  Δ=-0.2349
2026-05-17 18:23:09,076 | INFO |         actionability          global=0.6669  per_query=0.9885  Δ=+0.3216
2026-05-17 18:23:09,076 | INFO |         wrong_dir_violations   global=0.4475  per_query=0.0000  Δ=-0.4475
2026-05-17 18:23:09,077 | INFO |         immutable_violations   global=0.0000  per_query=0.0000  Δ=+0.0000
2026-05-17 18:23:09,343 | INFO | Config JSON saved: C:\Projects\uit\diabetes-xai-counterfactual\logs\run_20260517_1802.json
2026-05-17 18:23:09,343 | INFO | === Run finished: run_20260517_1802 ===
