2026-05-17 18:47:38,361 | INFO | === Run started: run_20260517_1847 (scratch=False) ===
2026-05-17 18:47:38,361 | INFO | Log:    C:\Projects\uit\diabetes-xai-counterfactual\logs\run_20260517_1847.log
2026-05-17 18:47:38,361 | INFO | Config: C:\Projects\uit\diabetes-xai-counterfactual\logs\run_20260517_1847.json
2026-05-17 18:47:38,361 | INFO |       [taxonomy] CONDITIONAL class enabled → 5-class taxonomy (default)
2026-05-17 18:47:38,362 | INFO | [Load Dataset]
2026-05-17 18:47:38,924 | INFO |       shape: X=(236378, 21), y=(236378,), prevalence=0.1420
2026-05-17 18:47:38,924 | INFO | [Train XGBoost]
2026-05-17 18:47:48,341 | INFO |       test AUC: 0.8183
2026-05-17 18:47:48,341 | INFO |       (P2 run 12 baseline on BRFSS 2021 full: AUC=0.8228)
2026-05-17 18:47:48,342 | INFO | [CF Generation] compare_modes=True
2026-05-17 18:47:48,348 | INFO |       n_queries (high-risk): 200
2026-05-17 18:47:48,349 | INFO | [Global Mode] features_to_vary='all', no per-query constraints
2026-05-17 18:47:48,349 | INFO |   [global] generating CFs (per_query=False)...
2026-05-17 18:53:08,400 | INFO |   [global] scoring CFs...
2026-05-17 18:53:24,249 | INFO |   [global] processed 200/200 (skipped 0)
2026-05-17 18:53:24,282 | INFO |       Global CSV: C:\Projects\uit\diabetes-xai-counterfactual\outputs\global_cf_metrics.csv
2026-05-17 18:53:24,283 | INFO | [Per-Query Mode] taxonomy-constrained
2026-05-17 18:53:24,283 | INFO |   [per_query] generating CFs (per_query=True)...
2026-05-17 18:58:14,556 | INFO |   [per_query] scoring CFs...
2026-05-17 18:58:28,520 | INFO |   [per_query] processed 200/200 (skipped 0)
2026-05-17 18:58:28,541 | INFO |       Per-query CSV: C:\Projects\uit\diabetes-xai-counterfactual\outputs\perquery_cf_metrics.csv
2026-05-17 18:58:28,551 | INFO |       Per-feature CSV: C:\Projects\uit\diabetes-xai-counterfactual\outputs\per_feature.csv
2026-05-17 18:58:28,556 | INFO |       Comparison CSV: C:\Projects\uit\diabetes-xai-counterfactual\outputs\comparison.csv
2026-05-17 18:58:28,556 | INFO |       Comparison summary:
2026-05-17 18:58:28,558 | INFO |         validity               global=0.7450  per_query=0.7930  Δ=+0.0480
2026-05-17 18:58:28,558 | INFO |         proximity              global=1.3333  per_query=1.4117  Δ=+0.0783
2026-05-17 18:58:28,558 | INFO |         sparsity               global=0.0660  per_query=0.0709  Δ=+0.0049
2026-05-17 18:58:28,558 | INFO |         diversity              global=15.0313  per_query=14.8929  Δ=-0.1384
2026-05-17 18:58:28,558 | INFO |         plausibility           global=4.2476  per_query=4.0045  Δ=-0.2430
2026-05-17 18:58:28,559 | INFO |         actionability          global=0.6535  per_query=0.9740  Δ=+0.3205
2026-05-17 18:58:28,559 | INFO |         wrong_dir_violations   global=0.4430  per_query=0.0000  Δ=-0.4430
2026-05-17 18:58:28,559 | INFO |         immutable_violations   global=0.0000  per_query=0.0000  Δ=+0.0000
2026-05-17 18:58:28,790 | INFO | Config JSON saved: C:\Projects\uit\diabetes-xai-counterfactual\logs\run_20260517_1847.json
2026-05-17 18:58:28,791 | INFO | === Run finished: run_20260517_1847 ===
