2026-05-17 11:48:14,774 | INFO | === Run started: run_20260517_1148 (scratch=False) ===
2026-05-17 11:48:14,775 | INFO | Log:    C:\Projects\uit\diabetes-xai-counterfactual\logs\run_20260517_1148.log
2026-05-17 11:48:14,775 | INFO | Config: C:\Projects\uit\diabetes-xai-counterfactual\logs\run_20260517_1148.json
2026-05-17 11:48:14,775 | INFO |       [taxonomy] CONDITIONAL class enabled → 5-class taxonomy (default)
2026-05-17 11:48:14,775 | INFO |       [taxonomy] SOCIOECONOMIC PROXIES IMMUTABLE → 3-class conservative (Income/Education/AnyHealthcare → IMMUTABLE)
2026-05-17 11:48:14,775 | INFO | [Load Dataset]
2026-05-17 11:48:15,294 | INFO |       shape: X=(236378, 21), y=(236378,), prevalence=0.1420
2026-05-17 11:48:15,294 | INFO | [Train XGBoost]
2026-05-17 11:48:23,986 | INFO |       test AUC: 0.8233
2026-05-17 11:48:23,987 | INFO |       (P2 run 12 baseline on BRFSS 2021 full: AUC=0.8228)
2026-05-17 11:48:23,987 | INFO | [CF Generation] compare_modes=True
2026-05-17 11:48:23,994 | INFO |       n_queries (high-risk): 200
2026-05-17 11:48:23,995 | INFO | [Global Mode] features_to_vary='all', no per-query constraints
2026-05-17 11:48:23,995 | INFO |   [global] generating CFs (per_query=False)...
2026-05-17 11:52:58,464 | INFO |   [global] scoring CFs...
2026-05-17 11:53:11,790 | INFO |   [global] processed 200/200 (skipped 0)
2026-05-17 11:53:11,809 | INFO |       Global CSV: C:\Projects\uit\diabetes-xai-counterfactual\outputs\global_cf_metrics.csv
2026-05-17 11:53:11,809 | INFO | [Per-Query Mode] taxonomy-constrained
2026-05-17 11:53:11,809 | INFO |   [per_query] generating CFs (per_query=True)...
2026-05-17 11:57:34,154 | INFO |   [per_query] scoring CFs...
2026-05-17 11:57:47,071 | INFO |   [per_query] processed 200/200 (skipped 0)
2026-05-17 11:57:47,089 | INFO |       Per-query CSV: C:\Projects\uit\diabetes-xai-counterfactual\outputs\perquery_cf_metrics.csv
2026-05-17 11:57:47,102 | INFO |       Per-feature CSV: C:\Projects\uit\diabetes-xai-counterfactual\outputs\per_feature.csv
2026-05-17 11:57:47,108 | INFO |       Comparison CSV: C:\Projects\uit\diabetes-xai-counterfactual\outputs\comparison.csv
2026-05-17 11:57:47,108 | INFO |       Comparison summary:
2026-05-17 11:57:47,108 | INFO |         validity               global=0.7750  per_query=0.8300  Δ=+0.0550
2026-05-17 11:57:47,108 | INFO |         proximity              global=1.4297  per_query=1.5293  Δ=+0.0996
2026-05-17 11:57:47,109 | INFO |         sparsity               global=0.0676  per_query=0.0712  Δ=+0.0036
2026-05-17 11:57:47,109 | INFO |         diversity              global=15.5620  per_query=14.1089  Δ=-1.4531
2026-05-17 11:57:47,109 | INFO |         plausibility           global=4.2888  per_query=3.9991  Δ=-0.2897
2026-05-17 11:57:47,109 | INFO |         actionability          global=0.6615  per_query=0.9840  Δ=+0.3225
2026-05-17 11:57:47,109 | INFO |         wrong_dir_violations   global=0.4640  per_query=0.0000  Δ=-0.4640
2026-05-17 11:57:47,109 | INFO |         immutable_violations   global=0.0000  per_query=0.0000  Δ=+0.0000
2026-05-17 11:57:47,304 | INFO | Config JSON saved: C:\Projects\uit\diabetes-xai-counterfactual\logs\run_20260517_1148.json
2026-05-17 11:57:47,304 | INFO | === Run finished: run_20260517_1148 ===
