2026-05-17 18:35:39,702 | INFO | === Run started: run_20260517_1835 (scratch=False) ===
2026-05-17 18:35:39,703 | INFO | Log:    C:\Projects\uit\diabetes-xai-counterfactual\logs\run_20260517_1835.log
2026-05-17 18:35:39,703 | INFO | Config: C:\Projects\uit\diabetes-xai-counterfactual\logs\run_20260517_1835.json
2026-05-17 18:35:39,703 | INFO |       [taxonomy] CONDITIONAL class enabled → 5-class taxonomy (default)
2026-05-17 18:35:39,703 | INFO | [Load Dataset]
2026-05-17 18:35:40,171 | INFO |       shape: X=(236378, 21), y=(236378,), prevalence=0.1420
2026-05-17 18:35:40,171 | INFO | [Train XGBoost]
2026-05-17 18:35:49,656 | INFO |       test AUC: 0.8224
2026-05-17 18:35:49,656 | INFO |       (P2 run 12 baseline on BRFSS 2021 full: AUC=0.8228)
2026-05-17 18:35:49,656 | INFO | [CF Generation] compare_modes=True
2026-05-17 18:35:49,665 | INFO |       n_queries (high-risk): 200
2026-05-17 18:35:49,666 | INFO | [Global Mode] features_to_vary='all', no per-query constraints
2026-05-17 18:35:49,666 | INFO |   [global] generating CFs (per_query=False)...
2026-05-17 18:41:29,963 | INFO |   [global] scoring CFs...
2026-05-17 18:41:43,389 | INFO |   [global] processed 200/200 (skipped 0)
2026-05-17 18:41:43,409 | INFO |       Global CSV: C:\Projects\uit\diabetes-xai-counterfactual\outputs\global_cf_metrics.csv
2026-05-17 18:41:43,409 | INFO | [Per-Query Mode] taxonomy-constrained
2026-05-17 18:41:43,410 | INFO |   [per_query] generating CFs (per_query=True)...
2026-05-17 18:47:21,623 | INFO |   [per_query] scoring CFs...
2026-05-17 18:47:38,035 | INFO |   [per_query] processed 200/200 (skipped 0)
2026-05-17 18:47:38,063 | INFO |       Per-query CSV: C:\Projects\uit\diabetes-xai-counterfactual\outputs\perquery_cf_metrics.csv
2026-05-17 18:47:38,075 | INFO |       Per-feature CSV: C:\Projects\uit\diabetes-xai-counterfactual\outputs\per_feature.csv
2026-05-17 18:47:38,080 | INFO |       Comparison CSV: C:\Projects\uit\diabetes-xai-counterfactual\outputs\comparison.csv
2026-05-17 18:47:38,080 | INFO |       Comparison summary:
2026-05-17 18:47:38,080 | INFO |         validity               global=0.7280  per_query=0.7980  Δ=+0.0700
2026-05-17 18:47:38,080 | INFO |         proximity              global=1.3479  per_query=1.4239  Δ=+0.0760
2026-05-17 18:47:38,080 | INFO |         sparsity               global=0.0653  per_query=0.0700  Δ=+0.0047
2026-05-17 18:47:38,080 | INFO |         diversity              global=14.7813  per_query=14.9294  Δ=+0.1481
2026-05-17 18:47:38,080 | INFO |         plausibility           global=4.3473  per_query=4.0698  Δ=-0.2775
2026-05-17 18:47:38,081 | INFO |         actionability          global=0.6470  per_query=0.9750  Δ=+0.3280
2026-05-17 18:47:38,081 | INFO |         wrong_dir_violations   global=0.4490  per_query=0.0000  Δ=-0.4490
2026-05-17 18:47:38,081 | INFO |         immutable_violations   global=0.0000  per_query=0.0000  Δ=+0.0000
2026-05-17 18:47:38,319 | INFO | Config JSON saved: C:\Projects\uit\diabetes-xai-counterfactual\logs\run_20260517_1835.json
2026-05-17 18:47:38,319 | INFO | === Run finished: run_20260517_1835 ===
