2026-05-16 20:29:10,751 | INFO | === Run started: run_20260516_2029 (scratch=False) ===
2026-05-16 20:29:10,752 | INFO | Log:    C:\Projects\uit\diabetes-xai-counterfactual\logs\run_20260516_2029.log
2026-05-16 20:29:10,752 | INFO | Config: C:\Projects\uit\diabetes-xai-counterfactual\logs\run_20260516_2029.json
2026-05-16 20:29:10,752 | INFO |       [taxonomy] CONDITIONAL class DISABLED → 4-class taxonomy (DiffWalk → MONOTONIC_DOWN)
2026-05-16 20:29:10,752 | INFO | [Load Dataset]
2026-05-16 20:29:11,122 | INFO |       shape: X=(236378, 21), y=(236378,), prevalence=0.1420
2026-05-16 20:29:11,123 | INFO | [Train XGBoost]
2026-05-16 20:29:16,861 | INFO |       test AUC: 0.8233
2026-05-16 20:29:16,861 | INFO |       (P2 run 12 baseline on BRFSS 2021 full: AUC=0.8228)
2026-05-16 20:29:16,861 | INFO | [CF Generation] compare_modes=True
2026-05-16 20:29:16,866 | INFO |       n_queries (high-risk): 20
2026-05-16 20:29:16,867 | INFO | [Global Mode] features_to_vary='all', no per-query constraints
2026-05-16 20:29:16,868 | INFO |   [global] generating CFs (per_query=False)...
2026-05-16 20:29:40,184 | INFO |   [global] scoring CFs...
2026-05-16 20:29:41,225 | INFO |   [global] processed 20/20 (skipped 0)
2026-05-16 20:29:41,233 | INFO |       Global CSV: C:\Projects\uit\diabetes-xai-counterfactual\outputs\global_cf_metrics.csv
2026-05-16 20:29:41,233 | INFO | [Per-Query Mode] taxonomy-constrained
2026-05-16 20:29:41,233 | INFO |   [per_query] generating CFs (per_query=True)...
2026-05-16 20:30:06,375 | INFO |   [per_query] scoring CFs...
2026-05-16 20:30:07,386 | INFO |   [per_query] processed 20/20 (skipped 0)
2026-05-16 20:30:07,391 | INFO |       Per-query CSV: C:\Projects\uit\diabetes-xai-counterfactual\outputs\perquery_cf_metrics.csv
2026-05-16 20:30:07,395 | INFO |       Per-feature CSV: C:\Projects\uit\diabetes-xai-counterfactual\outputs\per_feature.csv
2026-05-16 20:30:07,400 | INFO |       Comparison CSV: C:\Projects\uit\diabetes-xai-counterfactual\outputs\comparison.csv
2026-05-16 20:30:07,401 | INFO |       Comparison summary:
2026-05-16 20:30:07,401 | INFO |         validity               global=0.8500  per_query=0.8500  Δ=+0.0000
2026-05-16 20:30:07,401 | INFO |         proximity              global=1.9831  per_query=1.9066  Δ=-0.0765
2026-05-16 20:30:07,401 | INFO |         sparsity               global=0.0729  per_query=0.0719  Δ=-0.0010
2026-05-16 20:30:07,401 | INFO |         diversity              global=16.2750  per_query=14.0460  Δ=-2.2290
2026-05-16 20:30:07,402 | INFO |         plausibility           global=4.3110  per_query=4.2091  Δ=-0.1019
2026-05-16 20:30:07,402 | INFO |         actionability          global=0.7050  per_query=0.9700  Δ=+0.2650
2026-05-16 20:30:07,402 | INFO |         wrong_dir_violations   global=0.4800  per_query=0.0600  Δ=-0.4200
2026-05-16 20:30:07,402 | INFO |         immutable_violations   global=0.0000  per_query=0.0000  Δ=+0.0000
2026-05-16 20:30:07,548 | INFO | Config JSON saved: C:\Projects\uit\diabetes-xai-counterfactual\logs\run_20260516_2029.json
2026-05-16 20:30:07,549 | INFO | === Run finished: run_20260516_2029 ===
