2026-05-17 19:08:17,093 | INFO | === Run started: run_20260517_1908 (scratch=False) ===
2026-05-17 19:08:17,093 | INFO | Log:    C:\Projects\uit\diabetes-xai-counterfactual\logs\run_20260517_1908.log
2026-05-17 19:08:17,093 | INFO | Config: C:\Projects\uit\diabetes-xai-counterfactual\logs\run_20260517_1908.json
2026-05-17 19:08:17,093 | INFO |       [taxonomy] CONDITIONAL class enabled → 5-class taxonomy (default)
2026-05-17 19:08:17,094 | INFO | [Load Dataset]
2026-05-17 19:08:17,606 | INFO |       shape: X=(236378, 21), y=(236378,), prevalence=0.1420
2026-05-17 19:08:17,606 | INFO | [Train XGBoost]
2026-05-17 19:08:24,447 | INFO |       test AUC: 0.8199
2026-05-17 19:08:24,447 | INFO |       (P2 run 12 baseline on BRFSS 2021 full: AUC=0.8228)
2026-05-17 19:08:24,447 | INFO | [CF Generation] compare_modes=True
2026-05-17 19:08:24,456 | INFO |       n_queries (high-risk): 200
2026-05-17 19:08:24,456 | INFO | [Global Mode] features_to_vary='all', no per-query constraints
2026-05-17 19:08:24,456 | INFO |   [global] generating CFs (per_query=False)...
2026-05-17 19:12:53,646 | INFO |   [global] scoring CFs...
2026-05-17 19:13:06,123 | INFO |   [global] processed 200/200 (skipped 0)
2026-05-17 19:13:06,143 | INFO |       Global CSV: C:\Projects\uit\diabetes-xai-counterfactual\outputs\global_cf_metrics.csv
2026-05-17 19:13:06,143 | INFO | [Per-Query Mode] taxonomy-constrained
2026-05-17 19:13:06,143 | INFO |   [per_query] generating CFs (per_query=True)...
2026-05-17 19:17:24,956 | INFO |   [per_query] scoring CFs...
2026-05-17 19:17:37,859 | INFO |   [per_query] processed 200/200 (skipped 0)
2026-05-17 19:17:37,883 | INFO |       Per-query CSV: C:\Projects\uit\diabetes-xai-counterfactual\outputs\perquery_cf_metrics.csv
2026-05-17 19:17:37,894 | INFO |       Per-feature CSV: C:\Projects\uit\diabetes-xai-counterfactual\outputs\per_feature.csv
2026-05-17 19:17:37,897 | INFO |       Comparison CSV: C:\Projects\uit\diabetes-xai-counterfactual\outputs\comparison.csv
2026-05-17 19:17:37,898 | INFO |       Comparison summary:
2026-05-17 19:17:37,898 | INFO |         validity               global=0.7230  per_query=0.7980  Δ=+0.0750
2026-05-17 19:17:37,898 | INFO |         proximity              global=1.3309  per_query=1.4396  Δ=+0.1087
2026-05-17 19:17:37,898 | INFO |         sparsity               global=0.0650  per_query=0.0718  Δ=+0.0068
2026-05-17 19:17:37,898 | INFO |         diversity              global=14.6510  per_query=14.7104  Δ=+0.0594
2026-05-17 19:17:37,898 | INFO |         plausibility           global=4.2869  per_query=4.0188  Δ=-0.2681
2026-05-17 19:17:37,898 | INFO |         actionability          global=0.6135  per_query=0.9720  Δ=+0.3585
2026-05-17 19:17:37,898 | INFO |         wrong_dir_violations   global=0.4940  per_query=0.0000  Δ=-0.4940
2026-05-17 19:17:37,898 | INFO |         immutable_violations   global=0.0000  per_query=0.0000  Δ=+0.0000
2026-05-17 19:17:38,160 | INFO | Config JSON saved: C:\Projects\uit\diabetes-xai-counterfactual\logs\run_20260517_1908.json
2026-05-17 19:17:38,160 | INFO | === Run finished: run_20260517_1908 ===
