2026-05-17 14:51:38,413 | INFO | === Run started: run_20260517_1451 (scratch=False) ===
2026-05-17 14:51:38,414 | INFO | Log:    C:\Projects\uit\diabetes-xai-counterfactual\logs\run_20260517_1451.log
2026-05-17 14:51:38,414 | INFO | Config: C:\Projects\uit\diabetes-xai-counterfactual\logs\run_20260517_1451.json
2026-05-17 14:51:38,414 | INFO |       [taxonomy] CONDITIONAL class enabled → 5-class taxonomy (default)
2026-05-17 14:51:38,414 | INFO | [Load Dataset]
2026-05-17 14:51:38,872 | INFO |       shape: X=(236378, 21), y=(236378,), prevalence=0.1420
2026-05-17 14:51:38,872 | INFO | [Train XGBoost]
2026-05-17 14:51:47,422 | INFO |       test AUC: 0.8233
2026-05-17 14:51:47,422 | INFO |       (P2 run 12 baseline on BRFSS 2021 full: AUC=0.8228)
2026-05-17 14:51:47,423 | INFO | [CF Generation] compare_modes=True
2026-05-17 14:51:47,429 | INFO |       n_queries (high-risk): 200
2026-05-17 14:51:47,430 | INFO | [Global Mode] features_to_vary='all', no per-query constraints
2026-05-17 14:51:47,430 | INFO |   [global] generating CFs (per_query=False)...
2026-05-17 15:04:20,809 | INFO |   [global] scoring CFs...
2026-05-17 15:04:21,420 | INFO |   [global] processed 200/200 (skipped 190)
2026-05-17 15:04:21,443 | INFO |       Global CSV: C:\Projects\uit\diabetes-xai-counterfactual\outputs\global_cf_metrics.csv
2026-05-17 15:04:21,443 | INFO | [Per-Query Mode] taxonomy-constrained
2026-05-17 15:04:21,443 | INFO |   [per_query] generating CFs (per_query=True)...
2026-05-17 15:21:54,716 | INFO |   [per_query] scoring CFs...
2026-05-17 15:21:54,720 | INFO |   [per_query] processed 200/200 (skipped 200)
2026-05-17 15:21:54,732 | INFO |       Per-query CSV: C:\Projects\uit\diabetes-xai-counterfactual\outputs\perquery_cf_metrics.csv
2026-05-17 15:21:54,736 | INFO |       Per-feature CSV: C:\Projects\uit\diabetes-xai-counterfactual\outputs\per_feature.csv
2026-05-17 15:21:54,740 | INFO |       Comparison CSV: C:\Projects\uit\diabetes-xai-counterfactual\outputs\comparison.csv
2026-05-17 15:21:54,740 | INFO |       Comparison summary:
2026-05-17 15:21:54,740 | INFO |         validity               global=0.0500  per_query=0.0000  Δ=-0.0500
2026-05-17 15:21:54,740 | INFO |         proximity              global=4.5935  per_query=nan  Δ=+nan
2026-05-17 15:21:54,740 | INFO |         sparsity               global=0.3762  per_query=nan  Δ=+nan
2026-05-17 15:21:54,740 | INFO |         diversity              global=1.0000  per_query=nan  Δ=+nan
2026-05-17 15:21:54,740 | INFO |         plausibility           global=3.5586  per_query=nan  Δ=+nan
2026-05-17 15:21:54,741 | INFO |         actionability          global=0.6180  per_query=nan  Δ=+nan
2026-05-17 15:21:54,741 | INFO |         wrong_dir_violations   global=2.9000  per_query=nan  Δ=+nan
2026-05-17 15:21:54,741 | INFO |         immutable_violations   global=0.0000  per_query=nan  Δ=+nan
2026-05-17 15:21:54,981 | INFO | Config JSON saved: C:\Projects\uit\diabetes-xai-counterfactual\logs\run_20260517_1451.json
2026-05-17 15:21:54,981 | INFO | === Run finished: run_20260517_1451 ===
