2026-05-16 20:28:17,549 | INFO | === Run started: run_20260516_2028 (scratch=False) ===
2026-05-16 20:28:17,549 | INFO | Log:    C:\Projects\uit\diabetes-xai-counterfactual\logs\run_20260516_2028.log
2026-05-16 20:28:17,549 | INFO | Config: C:\Projects\uit\diabetes-xai-counterfactual\logs\run_20260516_2028.json
2026-05-16 20:28:17,550 | INFO |       [taxonomy] CONDITIONAL class enabled → 5-class taxonomy (default)
2026-05-16 20:28:17,550 | INFO | [Load Dataset]
2026-05-16 20:28:17,897 | INFO |       shape: X=(236378, 21), y=(236378,), prevalence=0.1420
2026-05-16 20:28:17,898 | INFO | [Train XGBoost]
2026-05-16 20:28:22,491 | INFO |       test AUC: 0.8233
2026-05-16 20:28:22,491 | INFO |       (P2 run 12 baseline on BRFSS 2021 full: AUC=0.8228)
2026-05-16 20:28:22,492 | INFO | [CF Generation] compare_modes=True
2026-05-16 20:28:22,497 | INFO |       n_queries (high-risk): 20
2026-05-16 20:28:22,498 | INFO | [Global Mode] features_to_vary='all', no per-query constraints
2026-05-16 20:28:22,498 | INFO |   [global] generating CFs (per_query=False)...
2026-05-16 20:28:44,592 | INFO |   [global] scoring CFs...
2026-05-16 20:28:47,171 | INFO |   [global] processed 20/20 (skipped 0)
2026-05-16 20:28:47,186 | INFO |       Global CSV: C:\Projects\uit\diabetes-xai-counterfactual\outputs\global_cf_metrics.csv
2026-05-16 20:28:47,187 | INFO | [Per-Query Mode] taxonomy-constrained
2026-05-16 20:28:47,187 | INFO |   [per_query] generating CFs (per_query=True)...
2026-05-16 20:29:09,528 | INFO |   [per_query] scoring CFs...
2026-05-16 20:29:10,515 | INFO |   [per_query] processed 20/20 (skipped 0)
2026-05-16 20:29:10,520 | INFO |       Per-query CSV: C:\Projects\uit\diabetes-xai-counterfactual\outputs\perquery_cf_metrics.csv
2026-05-16 20:29:10,523 | INFO |       Per-feature CSV: C:\Projects\uit\diabetes-xai-counterfactual\outputs\per_feature.csv
2026-05-16 20:29:10,527 | INFO |       Comparison CSV: C:\Projects\uit\diabetes-xai-counterfactual\outputs\comparison.csv
2026-05-16 20:29:10,527 | INFO |       Comparison summary:
2026-05-16 20:29:10,528 | INFO |         validity               global=0.8100  per_query=0.8700  Δ=+0.0600
2026-05-16 20:29:10,528 | INFO |         proximity              global=1.8340  per_query=2.0132  Δ=+0.1792
2026-05-16 20:29:10,529 | INFO |         sparsity               global=0.0714  per_query=0.0767  Δ=+0.0052
2026-05-16 20:29:10,529 | INFO |         diversity              global=16.8110  per_query=15.2330  Δ=-1.5780
2026-05-16 20:29:10,529 | INFO |         plausibility           global=4.3105  per_query=4.0504  Δ=-0.2601
2026-05-16 20:29:10,529 | INFO |         actionability          global=0.7617  per_query=1.0000  Δ=+0.2383
2026-05-16 20:29:10,529 | INFO |         wrong_dir_violations   global=0.3700  per_query=0.0000  Δ=-0.3700
2026-05-16 20:29:10,530 | INFO |         immutable_violations   global=0.0000  per_query=0.0000  Δ=+0.0000
2026-05-16 20:29:10,727 | INFO | Config JSON saved: C:\Projects\uit\diabetes-xai-counterfactual\logs\run_20260516_2028.json
2026-05-16 20:29:10,727 | INFO | === Run finished: run_20260516_2028 ===
