2026-05-17 12:32:42,208 | INFO | === Run started: run_20260517_1232 (scratch=False) ===
2026-05-17 12:32:42,208 | INFO | Log:    C:\Projects\uit\diabetes-xai-counterfactual\logs\run_20260517_1232.log
2026-05-17 12:32:42,208 | INFO | Config: C:\Projects\uit\diabetes-xai-counterfactual\logs\run_20260517_1232.json
2026-05-17 12:32:42,209 | INFO |       [taxonomy] CONDITIONAL class enabled → 5-class taxonomy (default)
2026-05-17 12:32:42,209 | INFO | [Load Dataset]
2026-05-17 12:32:42,691 | INFO |       shape: X=(236378, 21), y=(236378,), prevalence=0.1420
2026-05-17 12:32:42,692 | INFO | [Train XGBoost]
2026-05-17 12:32:49,227 | INFO |       test AUC: 0.8233
2026-05-17 12:32:49,228 | INFO |       (P2 run 12 baseline on BRFSS 2021 full: AUC=0.8228)
2026-05-17 12:32:49,228 | INFO | [CF Generation] compare_modes=True
2026-05-17 12:32:49,233 | INFO |       n_queries (high-risk): 200
2026-05-17 12:32:49,234 | INFO | [Global Mode] features_to_vary='all', no per-query constraints
2026-05-17 12:32:49,234 | INFO |   [global] generating CFs (per_query=False)...
2026-05-17 12:36:47,260 | INFO |   [global] scoring CFs...
2026-05-17 12:36:59,419 | INFO |   [global] processed 200/200 (skipped 0)
2026-05-17 12:36:59,438 | INFO |       Global CSV: C:\Projects\uit\diabetes-xai-counterfactual\outputs\global_cf_metrics.csv
2026-05-17 12:36:59,438 | INFO | [Per-Query Mode] taxonomy-constrained
2026-05-17 12:36:59,438 | INFO |   [per_query] generating CFs (per_query=True)...
2026-05-17 12:40:52,464 | INFO |   [per_query] scoring CFs...
2026-05-17 12:41:04,145 | INFO |   [per_query] processed 200/200 (skipped 0)
2026-05-17 12:41:04,175 | INFO |       Per-query CSV: C:\Projects\uit\diabetes-xai-counterfactual\outputs\perquery_cf_metrics.csv
2026-05-17 12:41:04,187 | INFO |       Per-feature CSV: C:\Projects\uit\diabetes-xai-counterfactual\outputs\per_feature.csv
2026-05-17 12:41:04,194 | INFO |       Comparison CSV: C:\Projects\uit\diabetes-xai-counterfactual\outputs\comparison.csv
2026-05-17 12:41:04,194 | INFO |       Comparison summary:
2026-05-17 12:41:04,194 | INFO |         validity               global=0.7517  per_query=0.7883  Δ=+0.0367
2026-05-17 12:41:04,195 | INFO |         proximity              global=1.4114  per_query=1.4417  Δ=+0.0303
2026-05-17 12:41:04,195 | INFO |         sparsity               global=0.0682  per_query=0.0714  Δ=+0.0033
2026-05-17 12:41:04,195 | INFO |         diversity              global=16.0463  per_query=14.4577  Δ=-1.5887
2026-05-17 12:41:04,195 | INFO |         plausibility           global=4.3147  per_query=4.0007  Δ=-0.3140
2026-05-17 12:41:04,195 | INFO |         actionability          global=0.6642  per_query=0.9817  Δ=+0.3175
2026-05-17 12:41:04,195 | INFO |         wrong_dir_violations   global=0.4383  per_query=0.0000  Δ=-0.4383
2026-05-17 12:41:04,195 | INFO |         immutable_violations   global=0.0000  per_query=0.0000  Δ=+0.0000
2026-05-17 12:41:04,401 | INFO | Config JSON saved: C:\Projects\uit\diabetes-xai-counterfactual\logs\run_20260517_1232.json
2026-05-17 12:41:04,402 | INFO | === Run finished: run_20260517_1232 ===
