2026-05-17 13:24:04,456 | INFO | === Run started: run_20260517_1324 (scratch=False) ===
2026-05-17 13:24:04,456 | INFO | Log:    C:\Projects\uit\diabetes-xai-counterfactual\logs\run_20260517_1324.log
2026-05-17 13:24:04,456 | INFO | Config: C:\Projects\uit\diabetes-xai-counterfactual\logs\run_20260517_1324.json
2026-05-17 13:24:04,457 | INFO |       [taxonomy] CONDITIONAL class enabled → 5-class taxonomy (default)
2026-05-17 13:24:04,457 | INFO | [Load Dataset]
2026-05-17 13:24:04,800 | INFO |       shape: X=(236378, 21), y=(236378,), prevalence=0.1420
2026-05-17 13:24:04,800 | INFO | [Train XGBoost]
2026-05-17 13:24:10,179 | INFO |       test AUC: 0.8221
2026-05-17 13:24:10,180 | INFO |       (P2 run 12 baseline on BRFSS 2021 full: AUC=0.8228)
2026-05-17 13:24:10,180 | INFO | [CF Generation] compare_modes=True
2026-05-17 13:24:10,185 | INFO |       n_queries (high-risk): 200
2026-05-17 13:24:10,185 | INFO | [Global Mode] features_to_vary='all', no per-query constraints
2026-05-17 13:24:10,186 | INFO |   [global] generating CFs (per_query=False)...
2026-05-17 13:28:09,152 | INFO |   [global] scoring CFs...
2026-05-17 13:28:21,168 | INFO |   [global] processed 200/200 (skipped 0)
2026-05-17 13:28:21,204 | INFO |       Global CSV: C:\Projects\uit\diabetes-xai-counterfactual\outputs\global_cf_metrics.csv
2026-05-17 13:28:21,204 | INFO | [Per-Query Mode] taxonomy-constrained
2026-05-17 13:28:21,204 | INFO |   [per_query] generating CFs (per_query=True)...
2026-05-17 13:32:15,130 | INFO |   [per_query] scoring CFs...
2026-05-17 13:32:26,945 | INFO |   [per_query] processed 200/200 (skipped 0)
2026-05-17 13:32:26,963 | INFO |       Per-query CSV: C:\Projects\uit\diabetes-xai-counterfactual\outputs\perquery_cf_metrics.csv
2026-05-17 13:32:26,972 | INFO |       Per-feature CSV: C:\Projects\uit\diabetes-xai-counterfactual\outputs\per_feature.csv
2026-05-17 13:32:26,975 | INFO |       Comparison CSV: C:\Projects\uit\diabetes-xai-counterfactual\outputs\comparison.csv
2026-05-17 13:32:26,975 | INFO |       Comparison summary:
2026-05-17 13:32:26,976 | INFO |         validity               global=0.7590  per_query=0.7950  Δ=+0.0360
2026-05-17 13:32:26,976 | INFO |         proximity              global=1.3160  per_query=1.3607  Δ=+0.0447
2026-05-17 13:32:26,976 | INFO |         sparsity               global=0.0668  per_query=0.0717  Δ=+0.0050
2026-05-17 13:32:26,976 | INFO |         diversity              global=13.5960  per_query=12.8826  Δ=-0.7134
2026-05-17 13:32:26,976 | INFO |         plausibility           global=4.1191  per_query=3.9149  Δ=-0.2041
2026-05-17 13:32:26,976 | INFO |         actionability          global=0.7130  per_query=0.9790  Δ=+0.2660
2026-05-17 13:32:26,976 | INFO |         wrong_dir_violations   global=0.3980  per_query=0.0000  Δ=-0.3980
2026-05-17 13:32:26,976 | INFO |         immutable_violations   global=0.0000  per_query=0.0000  Δ=+0.0000
2026-05-17 13:32:27,165 | INFO | Config JSON saved: C:\Projects\uit\diabetes-xai-counterfactual\logs\run_20260517_1324.json
2026-05-17 13:32:27,165 | INFO | === Run finished: run_20260517_1324 ===
