2026-05-17 17:39:29,891 | INFO | === Run started: run_20260517_1739 (scratch=False) ===
2026-05-17 17:39:29,891 | INFO | Log:    C:\Projects\uit\diabetes-xai-counterfactual\logs\run_20260517_1739.log
2026-05-17 17:39:29,891 | INFO | Config: C:\Projects\uit\diabetes-xai-counterfactual\logs\run_20260517_1739.json
2026-05-17 17:39:29,891 | INFO |       [taxonomy] CONDITIONAL class enabled → 5-class taxonomy (default)
2026-05-17 17:39:29,892 | INFO | [Load Dataset]
2026-05-17 17:39:30,368 | INFO |       shape: X=(236378, 21), y=(236378,), prevalence=0.1420
2026-05-17 17:39:30,368 | INFO | [Train XGBoost]
2026-05-17 17:39:37,639 | INFO |       test AUC: 0.8233
2026-05-17 17:39:37,640 | INFO |       (P2 run 12 baseline on BRFSS 2021 full: AUC=0.8228)
2026-05-17 17:39:37,640 | INFO | [CF Generation] compare_modes=True
2026-05-17 17:39:37,645 | INFO |       n_queries (high-risk): 200
2026-05-17 17:39:37,646 | INFO | [Global Mode] features_to_vary='all', no per-query constraints
2026-05-17 17:39:37,646 | INFO |   [global] generating CFs (per_query=False)...
2026-05-17 17:43:03,016 | INFO |   [global] scoring CFs...
2026-05-17 17:43:13,689 | INFO |   [global] processed 200/200 (skipped 0)
2026-05-17 17:43:13,713 | INFO |       Global CSV: C:\Projects\uit\diabetes-xai-counterfactual\outputs\global_cf_metrics.csv
2026-05-17 17:43:13,714 | INFO | [Per-Query Mode] taxonomy-constrained
2026-05-17 17:43:13,714 | INFO |   [per_query] generating CFs (per_query=True)...
2026-05-17 17:46:38,298 | INFO |   [per_query] scoring CFs...
2026-05-17 17:46:48,726 | INFO |   [per_query] processed 200/200 (skipped 0)
2026-05-17 17:46:48,743 | INFO |       Per-query CSV: C:\Projects\uit\diabetes-xai-counterfactual\outputs\perquery_cf_metrics.csv
2026-05-17 17:46:48,752 | INFO |       Per-feature CSV: C:\Projects\uit\diabetes-xai-counterfactual\outputs\per_feature.csv
2026-05-17 17:46:48,755 | INFO |       Comparison CSV: C:\Projects\uit\diabetes-xai-counterfactual\outputs\comparison.csv
2026-05-17 17:46:48,755 | INFO |       Comparison summary:
2026-05-17 17:46:48,756 | INFO |         validity               global=0.7750  per_query=0.7650  Δ=-0.0100
2026-05-17 17:46:48,756 | INFO |         proximity              global=1.4731  per_query=1.4342  Δ=-0.0388
2026-05-17 17:46:48,756 | INFO |         sparsity               global=0.0693  per_query=0.0714  Δ=+0.0021
2026-05-17 17:46:48,756 | INFO |         diversity              global=0.0000  per_query=0.0000  Δ=+0.0000
2026-05-17 17:46:48,756 | INFO |         plausibility           global=4.3287  per_query=4.0059  Δ=-0.3227
2026-05-17 17:46:48,756 | INFO |         actionability          global=0.6750  per_query=0.9800  Δ=+0.3050
2026-05-17 17:46:48,756 | INFO |         wrong_dir_violations   global=0.4300  per_query=0.0000  Δ=-0.4300
2026-05-17 17:46:48,756 | INFO |         immutable_violations   global=0.0000  per_query=0.0000  Δ=+0.0000
2026-05-17 17:46:48,972 | INFO | Config JSON saved: C:\Projects\uit\diabetes-xai-counterfactual\logs\run_20260517_1739.json
2026-05-17 17:46:48,972 | INFO | === Run finished: run_20260517_1739 ===
