2026-05-15 16:59:07,821 | INFO | === Run started: run_20260515_1659 (scratch=False) ===
2026-05-15 16:59:07,822 | INFO | Log:    C:\Projects\uit\diabetes-xai-counterfactual\outputs\run_20260515_1659.log
2026-05-15 16:59:07,822 | INFO | Config: C:\Projects\uit\diabetes-xai-counterfactual\outputs\run_20260515_1659.json
2026-05-15 16:59:07,822 | INFO |       [taxonomy] CONDITIONAL class DISABLED → 4-class taxonomy (DiffWalk → MONOTONIC_DOWN)
2026-05-15 16:59:07,822 | INFO | [Load Dataset]
2026-05-15 16:59:08,566 | INFO |       shape: X=(236378, 21), y=(236378,), prevalence=0.1420
2026-05-15 16:59:08,568 | INFO | [Train XGBoost]
2026-05-15 16:59:17,887 | INFO |       test AUC: 0.8233
2026-05-15 16:59:17,888 | INFO |       (P2 run 12 baseline on BRFSS 2021 full: AUC=0.8228)
2026-05-15 16:59:17,888 | INFO | [CF Generation] compare_modes=True
2026-05-15 16:59:17,895 | INFO |       n_queries (high-risk): 200
2026-05-15 16:59:17,896 | INFO | [Global Mode] features_to_vary='all', no per-query constraints
2026-05-15 16:59:17,896 | INFO |   [global] generating CFs (per_query=False)...
2026-05-15 17:04:18,297 | INFO |   [global] scoring CFs...
2026-05-15 17:04:34,756 | INFO |   [global] processed 200/200 (skipped 0)
2026-05-15 17:04:34,790 | INFO |       Global CSV: C:\Projects\uit\diabetes-xai-counterfactual\outputs\run_20260515_1659_global_cf_metrics.csv
2026-05-15 17:04:34,790 | INFO | [Per-Query Mode] taxonomy-constrained
2026-05-15 17:04:34,790 | INFO |   [per_query] generating CFs (per_query=True)...
2026-05-15 17:09:13,015 | INFO |   [per_query] scoring CFs...
2026-05-15 17:09:30,115 | INFO |   [per_query] processed 200/200 (skipped 0)
2026-05-15 17:09:30,153 | INFO |       Per-query CSV: C:\Projects\uit\diabetes-xai-counterfactual\outputs\run_20260515_1659_perquery_cf_metrics.csv
2026-05-15 17:09:30,167 | INFO |       Per-feature CSV: C:\Projects\uit\diabetes-xai-counterfactual\outputs\run_20260515_1659_per_feature.csv
2026-05-15 17:09:30,174 | INFO |       Comparison CSV: C:\Projects\uit\diabetes-xai-counterfactual\outputs\run_20260515_1659_comparison.csv
2026-05-15 17:09:30,174 | INFO |       Comparison summary:
2026-05-15 17:09:30,175 | INFO |         validity               global=0.7440  per_query=0.8050  Δ=+0.0610
2026-05-15 17:09:30,175 | INFO |         proximity              global=1.3793  per_query=1.4540  Δ=+0.0746
2026-05-15 17:09:30,175 | INFO |         sparsity               global=0.0668  per_query=0.0711  Δ=+0.0043
2026-05-15 17:09:30,175 | INFO |         diversity              global=15.1031  per_query=14.5324  Δ=-0.5707
2026-05-15 17:09:30,176 | INFO |         plausibility           global=4.3015  per_query=4.0574  Δ=-0.2441
2026-05-15 17:09:30,176 | INFO |         actionability          global=0.6545  per_query=0.9552  Δ=+0.3007
2026-05-15 17:09:30,176 | INFO |         wrong_dir_violations   global=0.4790  per_query=0.0400  Δ=-0.4390
2026-05-15 17:09:30,176 | INFO |         immutable_violations   global=0.0000  per_query=0.0000  Δ=+0.0000
2026-05-15 17:09:30,509 | INFO | Config JSON saved: C:\Projects\uit\diabetes-xai-counterfactual\outputs\run_20260515_1659.json
2026-05-15 17:09:30,509 | INFO | === Run finished: run_20260515_1659 ===
