2026-05-15 18:21:06,754 | INFO | === Run started: run_20260515_1821 (scratch=False) ===
2026-05-15 18:21:06,754 | INFO | Log:    C:\Projects\uit\diabetes-xai-counterfactual\outputs\run_20260515_1821.log
2026-05-15 18:21:06,754 | INFO | Config: C:\Projects\uit\diabetes-xai-counterfactual\outputs\run_20260515_1821.json
2026-05-15 18:21:06,754 | INFO |       [taxonomy] CONDITIONAL class enabled → 5-class taxonomy (default)
2026-05-15 18:21:06,754 | INFO | [Load Dataset]
2026-05-15 18:21:07,077 | INFO |       shape: X=(236378, 21), y=(236378,), prevalence=0.1420
2026-05-15 18:21:07,077 | INFO | [Train XGBoost]
2026-05-15 18:21:12,738 | INFO |       test AUC: 0.8224
2026-05-15 18:21:12,739 | INFO |       (P2 run 12 baseline on BRFSS 2021 full: AUC=0.8228)
2026-05-15 18:21:12,739 | INFO | [CF Generation] compare_modes=True
2026-05-15 18:21:12,744 | INFO |       n_queries (high-risk): 200
2026-05-15 18:21:12,745 | INFO | [Global Mode] features_to_vary='all', no per-query constraints
2026-05-15 18:21:12,745 | INFO |   [global] generating CFs (per_query=False)...
2026-05-15 18:25:08,588 | INFO |   [global] scoring CFs...
2026-05-15 18:25:20,785 | INFO |   [global] processed 200/200 (skipped 0)
2026-05-15 18:25:20,807 | INFO |       Global CSV: C:\Projects\uit\diabetes-xai-counterfactual\outputs\run_20260515_1821_global_cf_metrics.csv
2026-05-15 18:25:20,808 | INFO | [Per-Query Mode] taxonomy-constrained
2026-05-15 18:25:20,808 | INFO |   [per_query] generating CFs (per_query=True)...
2026-05-15 18:29:14,194 | INFO |   [per_query] scoring CFs...
2026-05-15 18:29:26,454 | INFO |   [per_query] processed 200/200 (skipped 0)
2026-05-15 18:29:26,473 | INFO |       Per-query CSV: C:\Projects\uit\diabetes-xai-counterfactual\outputs\run_20260515_1821_perquery_cf_metrics.csv
2026-05-15 18:29:26,482 | INFO |       Per-feature CSV: C:\Projects\uit\diabetes-xai-counterfactual\outputs\run_20260515_1821_per_feature.csv
2026-05-15 18:29:26,486 | INFO |       Comparison CSV: C:\Projects\uit\diabetes-xai-counterfactual\outputs\run_20260515_1821_comparison.csv
2026-05-15 18:29:26,487 | INFO |       Comparison summary:
2026-05-15 18:29:26,487 | INFO |         validity               global=0.7280  per_query=0.7980  Δ=+0.0700
2026-05-15 18:29:26,487 | INFO |         proximity              global=1.3479  per_query=1.4239  Δ=+0.0760
2026-05-15 18:29:26,487 | INFO |         sparsity               global=0.0653  per_query=0.0700  Δ=+0.0047
2026-05-15 18:29:26,487 | INFO |         diversity              global=14.7813  per_query=14.9294  Δ=+0.1481
2026-05-15 18:29:26,487 | INFO |         plausibility           global=4.3473  per_query=4.0698  Δ=-0.2775
2026-05-15 18:29:26,487 | INFO |         actionability          global=0.6470  per_query=0.9750  Δ=+0.3280
2026-05-15 18:29:26,488 | INFO |         wrong_dir_violations   global=0.4490  per_query=0.0000  Δ=-0.4490
2026-05-15 18:29:26,488 | INFO |         immutable_violations   global=0.0000  per_query=0.0000  Δ=+0.0000
2026-05-15 18:29:26,684 | INFO | Config JSON saved: C:\Projects\uit\diabetes-xai-counterfactual\outputs\run_20260515_1821.json
2026-05-15 18:29:26,684 | INFO | === Run finished: run_20260515_1821 ===
