2026-05-15 19:01:23,721 | INFO | === Run started: run_20260515_1901 (scratch=False) ===
2026-05-15 19:01:23,721 | INFO | Log:    C:\Projects\uit\diabetes-xai-counterfactual\outputs\run_20260515_1901.log
2026-05-15 19:01:23,721 | INFO | Config: C:\Projects\uit\diabetes-xai-counterfactual\outputs\run_20260515_1901.json
2026-05-15 19:01:23,721 | INFO |       [taxonomy] CONDITIONAL class enabled → 5-class taxonomy (default)
2026-05-15 19:01:23,721 | INFO | [Load Dataset]
2026-05-15 19:01:24,174 | INFO |       shape: X=(236378, 21), y=(236378,), prevalence=0.1420
2026-05-15 19:01:24,174 | INFO | [Train XGBoost]
2026-05-15 19:01:29,760 | INFO |       test AUC: 0.8233
2026-05-15 19:01:29,760 | INFO |       (P2 run 12 baseline on BRFSS 2021 full: AUC=0.8228)
2026-05-15 19:01:29,760 | INFO | [CF Generation] compare_modes=True
2026-05-15 19:01:29,766 | INFO |       n_queries (high-risk): 200
2026-05-15 19:01:29,766 | INFO | [Global Mode] features_to_vary='all', no per-query constraints
2026-05-15 19:01:29,766 | INFO |   [global] generating CFs (per_query=False)...
2026-05-15 19:25:30,033 | INFO |   [global] scoring CFs...
2026-05-15 19:25:42,152 | INFO |   [global] processed 200/200 (skipped 0)
2026-05-15 19:25:42,189 | INFO |       Global CSV: C:\Projects\uit\diabetes-xai-counterfactual\outputs\run_20260515_1901_global_cf_metrics.csv
2026-05-15 19:25:42,189 | INFO | [Per-Query Mode] taxonomy-constrained
2026-05-15 19:25:42,189 | INFO |   [per_query] generating CFs (per_query=True)...
2026-05-15 19:53:36,800 | INFO |   [per_query] scoring CFs...
2026-05-15 19:53:49,118 | INFO |   [per_query] processed 200/200 (skipped 0)
2026-05-15 19:53:49,147 | INFO |       Per-query CSV: C:\Projects\uit\diabetes-xai-counterfactual\outputs\run_20260515_1901_perquery_cf_metrics.csv
2026-05-15 19:53:49,160 | INFO |       Per-feature CSV: C:\Projects\uit\diabetes-xai-counterfactual\outputs\run_20260515_1901_per_feature.csv
2026-05-15 19:53:49,166 | INFO |       Comparison CSV: C:\Projects\uit\diabetes-xai-counterfactual\outputs\run_20260515_1901_comparison.csv
2026-05-15 19:53:49,166 | INFO |       Comparison summary:
2026-05-15 19:53:49,166 | INFO |         validity               global=0.9990  per_query=0.9928  Δ=-0.0063
2026-05-15 19:53:49,167 | INFO |         proximity              global=2.9889  per_query=2.2232  Δ=-0.7656
2026-05-15 19:53:49,167 | INFO |         sparsity               global=0.2221  per_query=0.1385  Δ=-0.0836
2026-05-15 19:53:49,167 | INFO |         diversity              global=12.8720  per_query=8.9297  Δ=-3.9423
2026-05-15 19:53:49,167 | INFO |         plausibility           global=3.3266  per_query=3.4715  Δ=+0.1449
2026-05-15 19:53:49,167 | INFO |         actionability          global=0.7641  per_query=1.0000  Δ=+0.2359
2026-05-15 19:53:49,167 | INFO |         wrong_dir_violations   global=1.1236  per_query=0.0000  Δ=-1.1236
2026-05-15 19:53:49,167 | INFO |         immutable_violations   global=0.0000  per_query=0.0000  Δ=+0.0000
2026-05-15 19:53:49,352 | INFO | Config JSON saved: C:\Projects\uit\diabetes-xai-counterfactual\outputs\run_20260515_1901.json
2026-05-15 19:53:49,353 | INFO | === Run finished: run_20260515_1901 ===
