2026-05-15 17:46:13,278 | INFO | === Run started: run_20260515_1746 (scratch=False) ===
2026-05-15 17:46:13,278 | INFO | Log:    C:\Projects\uit\diabetes-xai-counterfactual\outputs\run_20260515_1746.log
2026-05-15 17:46:13,278 | INFO | Config: C:\Projects\uit\diabetes-xai-counterfactual\outputs\run_20260515_1746.json
2026-05-15 17:46:13,278 | INFO |       [taxonomy] CONDITIONAL class enabled → 5-class taxonomy (default)
2026-05-15 17:46:13,278 | INFO | [Load Dataset]
2026-05-15 17:46:13,623 | INFO |       shape: X=(236378, 21), y=(236378,), prevalence=0.1420
2026-05-15 17:46:13,623 | INFO | [Train XGBoost]
2026-05-15 17:46:19,235 | INFO |       test AUC: 0.8233
2026-05-15 17:46:19,235 | INFO |       (P2 run 12 baseline on BRFSS 2021 full: AUC=0.8228)
2026-05-15 17:46:19,236 | INFO | [CF Generation] compare_modes=True
2026-05-15 17:46:19,242 | INFO |       n_queries (high-risk): 200
2026-05-15 17:46:19,243 | INFO | [Global Mode] features_to_vary='all', no per-query constraints
2026-05-15 17:46:19,243 | INFO |   [global] generating CFs (per_query=False)...
2026-05-15 17:49:58,918 | INFO |   [global] scoring CFs...
2026-05-15 17:50:10,485 | INFO |   [global] processed 200/200 (skipped 0)
2026-05-15 17:50:10,508 | INFO |       Global CSV: C:\Projects\uit\diabetes-xai-counterfactual\outputs\run_20260515_1746_global_cf_metrics.csv
2026-05-15 17:50:10,509 | INFO | [Per-Query Mode] taxonomy-constrained
2026-05-15 17:50:10,509 | INFO |   [per_query] generating CFs (per_query=True)...
2026-05-15 17:53:51,577 | INFO |   [per_query] scoring CFs...
2026-05-15 17:54:03,629 | INFO |   [per_query] processed 200/200 (skipped 0)
2026-05-15 17:54:03,647 | INFO |       Per-query CSV: C:\Projects\uit\diabetes-xai-counterfactual\outputs\run_20260515_1746_perquery_cf_metrics.csv
2026-05-15 17:54:03,656 | INFO |       Per-feature CSV: C:\Projects\uit\diabetes-xai-counterfactual\outputs\run_20260515_1746_per_feature.csv
2026-05-15 17:54:03,659 | INFO |       Comparison CSV: C:\Projects\uit\diabetes-xai-counterfactual\outputs\run_20260515_1746_comparison.csv
2026-05-15 17:54:03,660 | INFO |       Comparison summary:
2026-05-15 17:54:03,660 | INFO |         validity               global=0.7517  per_query=0.7883  Δ=+0.0367
2026-05-15 17:54:03,660 | INFO |         proximity              global=1.4114  per_query=1.4417  Δ=+0.0303
2026-05-15 17:54:03,660 | INFO |         sparsity               global=0.0682  per_query=0.0714  Δ=+0.0033
2026-05-15 17:54:03,660 | INFO |         diversity              global=16.0463  per_query=14.4577  Δ=-1.5887
2026-05-15 17:54:03,660 | INFO |         plausibility           global=4.3147  per_query=4.0007  Δ=-0.3140
2026-05-15 17:54:03,660 | INFO |         actionability          global=0.6642  per_query=0.9817  Δ=+0.3175
2026-05-15 17:54:03,660 | INFO |         wrong_dir_violations   global=0.4383  per_query=0.0000  Δ=-0.4383
2026-05-15 17:54:03,660 | INFO |         immutable_violations   global=0.0000  per_query=0.0000  Δ=+0.0000
2026-05-15 17:54:03,856 | INFO | Config JSON saved: C:\Projects\uit\diabetes-xai-counterfactual\outputs\run_20260515_1746.json
2026-05-15 17:54:03,856 | INFO | === Run finished: run_20260515_1746 ===
