2026-05-15 18:02:32,321 | INFO | === Run started: run_20260515_1802 (scratch=False) ===
2026-05-15 18:02:32,321 | INFO | Log:    C:\Projects\uit\diabetes-xai-counterfactual\outputs\run_20260515_1802.log
2026-05-15 18:02:32,321 | INFO | Config: C:\Projects\uit\diabetes-xai-counterfactual\outputs\run_20260515_1802.json
2026-05-15 18:02:32,321 | INFO |       [taxonomy] CONDITIONAL class enabled → 5-class taxonomy (default)
2026-05-15 18:02:32,321 | INFO | [Load Dataset]
2026-05-15 18:02:32,778 | INFO |       shape: X=(236378, 21), y=(236378,), prevalence=0.1420
2026-05-15 18:02:32,779 | INFO | [Train XGBoost]
2026-05-15 18:02:38,384 | INFO |       test AUC: 0.8233
2026-05-15 18:02:38,384 | INFO |       (P2 run 12 baseline on BRFSS 2021 full: AUC=0.8228)
2026-05-15 18:02:38,384 | INFO | [CF Generation] compare_modes=True
2026-05-15 18:02:38,390 | INFO |       n_queries (high-risk): 200
2026-05-15 18:02:38,390 | INFO | [Global Mode] features_to_vary='all', no per-query constraints
2026-05-15 18:02:38,391 | INFO |   [global] generating CFs (per_query=False)...
2026-05-15 18:07:11,883 | INFO |   [global] scoring CFs...
2026-05-15 18:07:25,946 | INFO |   [global] processed 200/200 (skipped 0)
2026-05-15 18:07:25,960 | INFO |       Global CSV: C:\Projects\uit\diabetes-xai-counterfactual\outputs\run_20260515_1802_global_cf_metrics.csv
2026-05-15 18:07:25,960 | INFO | [Per-Query Mode] taxonomy-constrained
2026-05-15 18:07:25,961 | INFO |   [per_query] generating CFs (per_query=True)...
2026-05-15 18:11:45,413 | INFO |   [per_query] scoring CFs...
2026-05-15 18:11:59,337 | INFO |   [per_query] processed 200/200 (skipped 0)
2026-05-15 18:11:59,356 | INFO |       Per-query CSV: C:\Projects\uit\diabetes-xai-counterfactual\outputs\run_20260515_1802_perquery_cf_metrics.csv
2026-05-15 18:11:59,374 | INFO |       Per-feature CSV: C:\Projects\uit\diabetes-xai-counterfactual\outputs\run_20260515_1802_per_feature.csv
2026-05-15 18:11:59,380 | INFO |       Comparison CSV: C:\Projects\uit\diabetes-xai-counterfactual\outputs\run_20260515_1802_comparison.csv
2026-05-15 18:11:59,380 | INFO |       Comparison summary:
2026-05-15 18:11:59,380 | INFO |         validity               global=0.7600  per_query=0.8185  Δ=+0.0585
2026-05-15 18:11:59,380 | INFO |         proximity              global=1.4055  per_query=1.4600  Δ=+0.0545
2026-05-15 18:11:59,380 | INFO |         sparsity               global=0.0676  per_query=0.0725  Δ=+0.0049
2026-05-15 18:11:59,380 | INFO |         diversity              global=15.3901  per_query=14.5083  Δ=-0.8817
2026-05-15 18:11:59,380 | INFO |         plausibility           global=4.2967  per_query=4.0618  Δ=-0.2349
2026-05-15 18:11:59,380 | INFO |         actionability          global=0.6669  per_query=0.9885  Δ=+0.3216
2026-05-15 18:11:59,381 | INFO |         wrong_dir_violations   global=0.4475  per_query=0.0000  Δ=-0.4475
2026-05-15 18:11:59,381 | INFO |         immutable_violations   global=0.0000  per_query=0.0000  Δ=+0.0000
2026-05-15 18:11:59,569 | INFO | Config JSON saved: C:\Projects\uit\diabetes-xai-counterfactual\outputs\run_20260515_1802.json
2026-05-15 18:11:59,569 | INFO | === Run finished: run_20260515_1802 ===
