2026-05-15 11:37:17,984 | INFO | === Run started: run_20260515_1137 (scratch=False) ===
2026-05-15 11:37:17,984 | INFO | Log:    C:\Projects\uit\diabetes-xai-counterfactual\outputs\run_20260515_1137.log
2026-05-15 11:37:17,984 | INFO | Config: C:\Projects\uit\diabetes-xai-counterfactual\outputs\run_20260515_1137.json
2026-05-15 11:37:17,985 | INFO | [1/4] Load dataset...
2026-05-15 11:37:18,343 | INFO |       shape: X=(236378, 21), y=(236378,), prevalence=0.1420
2026-05-15 11:37:18,343 | INFO | [2/4] Train XGBoost...
2026-05-15 11:37:23,387 | INFO |       test AUC: 0.8233
2026-05-15 11:37:23,388 | INFO |       (P2 run 12 baseline on BRFSS 2021 full: AUC=0.8228)
2026-05-15 11:37:23,388 | INFO | [3/4] CF generation (compare_modes=True)...
2026-05-15 11:37:23,393 | INFO |       n_queries (high-risk): 200
2026-05-15 11:37:23,393 | INFO | [4a/4] Mode 1: GLOBAL (features_to_vary='all', no per-query constraints)
2026-05-15 11:37:23,394 | INFO |   [global] generating CFs (per_query=False)...
2026-05-15 11:42:03,918 | INFO |   [global] scoring CFs...
2026-05-15 11:42:20,522 | INFO |   [global] processed 200/200 (skipped 0)
2026-05-15 11:42:20,564 | INFO |       Global CSV: C:\Projects\uit\diabetes-xai-counterfactual\outputs\run_20260515_1137_global_cf_metrics.csv
2026-05-15 11:42:20,565 | INFO | [4b/4] Mode 2: PER-QUERY (taxonomy-constrained)
2026-05-15 11:42:20,565 | INFO |   [per_query] generating CFs (per_query=True)...
2026-05-15 11:47:25,111 | INFO |   [per_query] scoring CFs...
2026-05-15 11:47:42,110 | INFO |   [per_query] processed 200/200 (skipped 0)
2026-05-15 11:47:42,155 | INFO |       Per-query CSV: C:\Projects\uit\diabetes-xai-counterfactual\outputs\run_20260515_1137_perquery_cf_metrics.csv
2026-05-15 11:47:42,163 | INFO |       Comparison CSV: C:\Projects\uit\diabetes-xai-counterfactual\outputs\run_20260515_1137_comparison.csv
2026-05-15 11:47:42,164 | INFO |       Comparison summary:
2026-05-15 11:47:42,166 | INFO |         validity               global=0.7520  per_query=0.8080  Δ=+0.0560
2026-05-15 11:47:42,166 | INFO |         proximity              global=1.3966  per_query=1.4710  Δ=+0.0744
2026-05-15 11:47:42,167 | INFO |         sparsity               global=0.0672  per_query=0.0724  Δ=+0.0052
2026-05-15 11:47:42,167 | INFO |         diversity              global=15.1938  per_query=14.7095  Δ=-0.4843
2026-05-15 11:47:42,168 | INFO |         plausibility           global=4.2990  per_query=4.0297  Δ=-0.2693
2026-05-15 11:47:42,168 | INFO |         actionability          global=0.6655  per_query=0.9880  Δ=+0.3225
2026-05-15 11:47:42,168 | INFO |         wrong_dir_violations   global=0.4350  per_query=0.0000  Δ=-0.4350
2026-05-15 11:47:42,169 | INFO |         immutable_violations   global=0.0000  per_query=0.0000  Δ=+0.0000
2026-05-15 11:47:42,194 | INFO |       Per-feature CSV: C:\Projects\uit\diabetes-xai-counterfactual\outputs\run_20260515_1137_per_feature.csv
2026-05-15 11:47:42,677 | INFO | Config JSON saved: C:\Projects\uit\diabetes-xai-counterfactual\outputs\run_20260515_1137.json
2026-05-15 11:47:42,677 | INFO | === Run finished: run_20260515_1137 ===
