2026-05-15 21:44:47,327 | INFO | === Run started: run_20260515_2144 (scratch=False) ===
2026-05-15 21:44:47,327 | INFO | Log:    C:\Projects\uit\diabetes-xai-counterfactual\outputs\run_20260515_2144.log
2026-05-15 21:44:47,327 | INFO | Config: C:\Projects\uit\diabetes-xai-counterfactual\outputs\run_20260515_2144.json
2026-05-15 21:44:47,327 | INFO |       [taxonomy] CONDITIONAL class enabled → 5-class taxonomy (default)
2026-05-15 21:44:47,327 | INFO | [Load Dataset]
2026-05-15 21:44:47,696 | INFO |       shape: X=(236378, 21), y=(236378,), prevalence=0.1420
2026-05-15 21:44:47,696 | INFO | [Train XGBoost]
2026-05-15 21:44:51,912 | INFO |       test AUC: 0.8233
2026-05-15 21:44:51,913 | INFO |       (P2 run 12 baseline on BRFSS 2021 full: AUC=0.8228)
2026-05-15 21:44:51,913 | INFO | [CF Generation] compare_modes=True
2026-05-15 21:44:51,917 | INFO |       n_queries (high-risk): 200
2026-05-15 21:44:51,918 | INFO | [Global Mode] features_to_vary='all', no per-query constraints
2026-05-15 21:44:51,918 | INFO |   [global] generating CFs (per_query=False)...
2026-05-15 21:56:13,651 | INFO |   [global] scoring CFs...
2026-05-15 21:56:15,963 | INFO |   [global] processed 200/200 (skipped 190)
2026-05-15 21:56:15,981 | INFO |       Global CSV: C:\Projects\uit\diabetes-xai-counterfactual\outputs\run_20260515_2144_global_cf_metrics.csv
2026-05-15 21:56:15,981 | INFO | [Per-Query Mode] taxonomy-constrained
2026-05-15 21:56:15,981 | INFO |   [per_query] generating CFs (per_query=True)...
2026-05-15 22:10:33,665 | INFO |   [per_query] scoring CFs...
2026-05-15 22:10:33,668 | INFO |   [per_query] processed 200/200 (skipped 200)
2026-05-15 22:10:33,677 | INFO |       Per-query CSV: C:\Projects\uit\diabetes-xai-counterfactual\outputs\run_20260515_2144_perquery_cf_metrics.csv
2026-05-15 22:10:33,680 | INFO |       Per-feature CSV: C:\Projects\uit\diabetes-xai-counterfactual\outputs\run_20260515_2144_per_feature.csv
2026-05-15 22:10:33,684 | INFO |       Comparison CSV: C:\Projects\uit\diabetes-xai-counterfactual\outputs\run_20260515_2144_comparison.csv
2026-05-15 22:10:33,685 | INFO |       Comparison summary:
2026-05-15 22:10:33,685 | INFO |         validity               global=0.0500  per_query=0.0000  Δ=-0.0500
2026-05-15 22:10:33,685 | INFO |         proximity              global=4.5935  per_query=nan  Δ=+nan
2026-05-15 22:10:33,685 | INFO |         sparsity               global=0.3762  per_query=nan  Δ=+nan
2026-05-15 22:10:33,685 | INFO |         diversity              global=1.0000  per_query=nan  Δ=+nan
2026-05-15 22:10:33,685 | INFO |         plausibility           global=3.5586  per_query=nan  Δ=+nan
2026-05-15 22:10:33,685 | INFO |         actionability          global=0.6180  per_query=nan  Δ=+nan
2026-05-15 22:10:33,685 | INFO |         wrong_dir_violations   global=2.9000  per_query=nan  Δ=+nan
2026-05-15 22:10:33,685 | INFO |         immutable_violations   global=0.0000  per_query=nan  Δ=+nan
2026-05-15 22:10:33,927 | INFO | Config JSON saved: C:\Projects\uit\diabetes-xai-counterfactual\outputs\run_20260515_2144.json
2026-05-15 22:10:33,927 | INFO | === Run finished: run_20260515_2144 ===
