2026-05-14 12:58:59,433 | INFO | === Run started: run_20260514_1258 (scratch=False) ===
2026-05-14 12:58:59,433 | INFO | Log:    C:\Projects\uit\diabetes-xai-counterfactual\outputs\run_20260514_1258.log
2026-05-14 12:58:59,435 | INFO | Config: C:\Projects\uit\diabetes-xai-counterfactual\outputs\run_20260514_1258.json
2026-05-14 12:58:59,435 | INFO | [1/4] Load dataset...
2026-05-14 12:58:59,768 | INFO |       shape: X=(236378, 21), y=(236378,), prevalence=0.1420
2026-05-14 12:58:59,768 | INFO | [2/4] Train XGBoost...
2026-05-14 12:59:04,388 | INFO |       test AUC: 0.8233
2026-05-14 12:59:04,389 | INFO |       (P2 run 12 baseline on BRFSS 2021 full: AUC=0.8228)
2026-05-14 12:59:04,389 | INFO | [3/4] CF generation (compare_modes=True)...
2026-05-14 12:59:04,394 | INFO |       n_queries (high-risk): 200
2026-05-14 12:59:04,395 | INFO | [4a/4] Mode 1: GLOBAL (features_to_vary='all', no per-query constraints)
2026-05-14 12:59:04,395 | INFO |   [global] generating CFs (per_query=False)...
2026-05-14 13:02:45,989 | INFO |   [global] scoring CFs...
2026-05-14 13:03:00,103 | INFO |   [global] processed 200/200 (skipped 0)
2026-05-14 13:03:00,131 | INFO |       Global CSV: C:\Projects\uit\diabetes-xai-counterfactual\outputs\run_20260514_1258_global_cf_metrics.csv
2026-05-14 13:03:00,131 | INFO | [4b/4] Mode 2: PER-QUERY (taxonomy-constrained)
2026-05-14 13:03:00,131 | INFO |   [per_query] generating CFs (per_query=True)...
2026-05-14 13:07:27,595 | INFO |   [per_query] scoring CFs...
2026-05-14 13:07:44,727 | INFO |   [per_query] processed 200/200 (skipped 0)
2026-05-14 13:07:44,766 | INFO |       Per-query CSV: C:\Projects\uit\diabetes-xai-counterfactual\outputs\run_20260514_1258_perquery_cf_metrics.csv
2026-05-14 13:07:44,775 | INFO |       Comparison CSV: C:\Projects\uit\diabetes-xai-counterfactual\outputs\run_20260514_1258_comparison.csv
2026-05-14 13:07:44,775 | INFO |       Comparison summary:
2026-05-14 13:07:44,776 | INFO |         validity               global=0.7520  per_query=0.8080  Δ=+0.0560
2026-05-14 13:07:44,777 | INFO |         proximity              global=1.3966  per_query=1.4710  Δ=+0.0744
2026-05-14 13:07:44,777 | INFO |         sparsity               global=0.0672  per_query=0.0724  Δ=+0.0052
2026-05-14 13:07:44,777 | INFO |         diversity              global=15.1938  per_query=14.7095  Δ=-0.4843
2026-05-14 13:07:44,778 | INFO |         plausibility           global=4.2990  per_query=4.0297  Δ=-0.2693
2026-05-14 13:07:44,778 | INFO |         actionability          global=0.6655  per_query=0.9880  Δ=+0.3225
2026-05-14 13:07:44,778 | INFO |         wrong_dir_violations   global=0.4350  per_query=0.0000  Δ=-0.4350
2026-05-14 13:07:44,779 | INFO |         immutable_violations   global=0.0000  per_query=0.0000  Δ=+0.0000
2026-05-14 13:07:44,798 | INFO |       Per-feature CSV: C:\Projects\uit\diabetes-xai-counterfactual\outputs\run_20260514_1258_per_feature.csv
2026-05-14 13:07:45,179 | INFO | Config JSON saved: C:\Projects\uit\diabetes-xai-counterfactual\outputs\run_20260514_1258.json
2026-05-14 13:07:45,179 | INFO | === Run finished: run_20260514_1258 ===
