2026-05-15 12:19:06,892 | INFO | === Run started: run_20260515_1219 (scratch=False) ===
2026-05-15 12:19:06,892 | INFO | Log:    C:\Projects\uit\diabetes-xai-counterfactual\outputs\run_20260515_1219.log
2026-05-15 12:19:06,892 | INFO | Config: C:\Projects\uit\diabetes-xai-counterfactual\outputs\run_20260515_1219.json
2026-05-15 12:19:06,893 | INFO | [1/4] Load dataset...
2026-05-15 12:19:07,231 | INFO |       shape: X=(236378, 21), y=(236378,), prevalence=0.1420
2026-05-15 12:19:07,231 | INFO | [2/4] Train XGBoost...
2026-05-15 12:19:11,507 | INFO |       test AUC: 0.8233
2026-05-15 12:19:11,508 | INFO |       (P2 run 12 baseline on BRFSS 2021 full: AUC=0.8228)
2026-05-15 12:19:11,508 | INFO | [3/4] CF generation (compare_modes=True)...
2026-05-15 12:19:11,512 | INFO |       n_queries (high-risk): 200
2026-05-15 12:19:11,512 | INFO | [4a/4] Mode 1: GLOBAL (features_to_vary='all', no per-query constraints)
2026-05-15 12:19:11,513 | INFO |   [global] generating CFs (per_query=False)...
2026-05-15 12:23:52,654 | INFO |   [global] scoring CFs...
2026-05-15 12:24:07,560 | INFO |   [global] processed 200/200 (skipped 0)
2026-05-15 12:24:07,601 | INFO |       Global CSV: C:\Projects\uit\diabetes-xai-counterfactual\outputs\run_20260515_1219_global_cf_metrics.csv
2026-05-15 12:24:07,602 | INFO | [4b/4] Mode 2: PER-QUERY (taxonomy-constrained)
2026-05-15 12:24:07,602 | INFO |   [per_query] generating CFs (per_query=True)...
2026-05-15 12:29:15,226 | INFO |   [per_query] scoring CFs...
2026-05-15 12:29:28,255 | INFO |   [per_query] processed 200/200 (skipped 0)
2026-05-15 12:29:28,294 | INFO |       Per-query CSV: C:\Projects\uit\diabetes-xai-counterfactual\outputs\run_20260515_1219_perquery_cf_metrics.csv
2026-05-15 12:29:28,301 | INFO |       Comparison CSV: C:\Projects\uit\diabetes-xai-counterfactual\outputs\run_20260515_1219_comparison.csv
2026-05-15 12:29:28,302 | INFO |       Comparison summary:
2026-05-15 12:29:28,302 | INFO |         validity               global=0.7520  per_query=0.8080  Δ=+0.0560
2026-05-15 12:29:28,303 | INFO |         proximity              global=1.3966  per_query=1.4710  Δ=+0.0744
2026-05-15 12:29:28,303 | INFO |         sparsity               global=0.0672  per_query=0.0724  Δ=+0.0052
2026-05-15 12:29:28,303 | INFO |         diversity              global=15.1938  per_query=14.7095  Δ=-0.4843
2026-05-15 12:29:28,304 | INFO |         plausibility           global=4.2990  per_query=4.0297  Δ=-0.2693
2026-05-15 12:29:28,304 | INFO |         actionability          global=0.6655  per_query=0.9880  Δ=+0.3225
2026-05-15 12:29:28,304 | INFO |         wrong_dir_violations   global=0.4350  per_query=0.0000  Δ=-0.4350
2026-05-15 12:29:28,305 | INFO |         immutable_violations   global=0.0000  per_query=0.0000  Δ=+0.0000
2026-05-15 12:29:28,325 | INFO |       Per-feature CSV: C:\Projects\uit\diabetes-xai-counterfactual\outputs\run_20260515_1219_per_feature.csv
2026-05-15 12:29:28,619 | INFO | Config JSON saved: C:\Projects\uit\diabetes-xai-counterfactual\outputs\run_20260515_1219.json
2026-05-15 12:29:28,620 | INFO | === Run finished: run_20260515_1219 ===
