2026-05-15 17:38:22,920 | INFO | === Run started: run_20260515_1738 (scratch=False) ===
2026-05-15 17:38:22,920 | INFO | Log:    C:\Projects\uit\diabetes-xai-counterfactual\outputs\run_20260515_1738.log
2026-05-15 17:38:22,920 | INFO | Config: C:\Projects\uit\diabetes-xai-counterfactual\outputs\run_20260515_1738.json
2026-05-15 17:38:22,920 | INFO |       [taxonomy] CONDITIONAL class enabled → 5-class taxonomy (default)
2026-05-15 17:38:22,921 | INFO | [Load Dataset]
2026-05-15 17:38:23,376 | INFO |       shape: X=(236378, 21), y=(236378,), prevalence=0.1420
2026-05-15 17:38:23,376 | INFO | [Train XGBoost]
2026-05-15 17:38:29,217 | INFO |       test AUC: 0.8233
2026-05-15 17:38:29,218 | INFO |       (P2 run 12 baseline on BRFSS 2021 full: AUC=0.8228)
2026-05-15 17:38:29,218 | INFO | [CF Generation] compare_modes=True
2026-05-15 17:38:29,223 | INFO |       n_queries (high-risk): 200
2026-05-15 17:38:29,224 | INFO | [Global Mode] features_to_vary='all', no per-query constraints
2026-05-15 17:38:29,224 | INFO |   [global] generating CFs (per_query=False)...
2026-05-15 17:42:14,232 | INFO |   [global] scoring CFs...
2026-05-15 17:42:25,492 | INFO |   [global] processed 200/200 (skipped 0)
2026-05-15 17:42:25,512 | INFO |       Global CSV: C:\Projects\uit\diabetes-xai-counterfactual\outputs\run_20260515_1738_global_cf_metrics.csv
2026-05-15 17:42:25,512 | INFO | [Per-Query Mode] taxonomy-constrained
2026-05-15 17:42:25,512 | INFO |   [per_query] generating CFs (per_query=True)...
2026-05-15 17:46:01,611 | INFO |   [per_query] scoring CFs...
2026-05-15 17:46:13,098 | INFO |   [per_query] processed 200/200 (skipped 0)
2026-05-15 17:46:13,111 | INFO |       Per-query CSV: C:\Projects\uit\diabetes-xai-counterfactual\outputs\run_20260515_1738_perquery_cf_metrics.csv
2026-05-15 17:46:13,124 | INFO |       Per-feature CSV: C:\Projects\uit\diabetes-xai-counterfactual\outputs\run_20260515_1738_per_feature.csv
2026-05-15 17:46:13,128 | INFO |       Comparison CSV: C:\Projects\uit\diabetes-xai-counterfactual\outputs\run_20260515_1738_comparison.csv
2026-05-15 17:46:13,128 | INFO |       Comparison summary:
2026-05-15 17:46:13,128 | INFO |         validity               global=0.7750  per_query=0.7650  Δ=-0.0100
2026-05-15 17:46:13,128 | INFO |         proximity              global=1.4731  per_query=1.4342  Δ=-0.0388
2026-05-15 17:46:13,128 | INFO |         sparsity               global=0.0693  per_query=0.0714  Δ=+0.0021
2026-05-15 17:46:13,128 | INFO |         diversity              global=0.0000  per_query=0.0000  Δ=+0.0000
2026-05-15 17:46:13,128 | INFO |         plausibility           global=4.3287  per_query=4.0059  Δ=-0.3227
2026-05-15 17:46:13,128 | INFO |         actionability          global=0.6750  per_query=0.9800  Δ=+0.3050
2026-05-15 17:46:13,129 | INFO |         wrong_dir_violations   global=0.4300  per_query=0.0000  Δ=-0.4300
2026-05-15 17:46:13,129 | INFO |         immutable_violations   global=0.0000  per_query=0.0000  Δ=+0.0000
2026-05-15 17:46:13,264 | INFO | Config JSON saved: C:\Projects\uit\diabetes-xai-counterfactual\outputs\run_20260515_1738.json
2026-05-15 17:46:13,265 | INFO | === Run finished: run_20260515_1738 ===
